8/25/2019, 9:52:37 PM: PackageCommonRX.bpl: Initialize TickCount
8/25/2019, 9:52:37 PM: TOrderlyInitializer@28114930: OrderlyInit.INITIALIZED!************************
8/25/2019, 9:52:37 PM: PackageCommonRX.bpl: Registering ApplicationParams
8/25/2019, 9:52:37 PM: PackageCommonRX.bpl: Initialize ApplicationParams
8/25/2019, 9:52:37 PM: TOrderlyInitializer@28114930: OrderlyInit.INITIALIZED!************************
8/25/2019, 9:52:37 PM: PackageCommonRX.bpl: Registering unittest
8/25/2019, 9:52:37 PM: PackageCommonRX.bpl: Deferring initialization of unittest which has dependencies: [betterobject]
8/25/2019, 9:52:37 PM: **unittest is still not initialized
8/25/2019, 9:52:37 PM: PackageCommonRX.bpl: Registering DestructionQueue
8/25/2019, 9:52:37 PM: PackageCommonRX.bpl: Deferring initialization of DestructionQueue which has dependencies: [backgroundthreads][managedthread]
8/25/2019, 9:52:37 PM: **unittest is still not initialized
8/25/2019, 9:52:37 PM: **DestructionQueue is still not initialized
8/25/2019, 9:52:37 PM: PackageCommonRX.bpl: Registering BackgroundThreads
8/25/2019, 9:52:37 PM: PackageCommonRX.bpl: Initialize BackgroundThreads
8/25/2019, 9:52:37 PM: **unittest is still not initialized
8/25/2019, 9:52:37 PM: **DestructionQueue is still not initialized
8/25/2019, 9:52:37 PM: PackageCommonRX.bpl: Registering commands_system
8/25/2019, 9:52:37 PM: PackageCommonRX.bpl: Deferring initialization of commands_system which has dependencies: [commandprocessor]
8/25/2019, 9:52:37 PM: **unittest is still not initialized
8/25/2019, 9:52:37 PM: **DestructionQueue is still not initialized
8/25/2019, 9:52:37 PM: **commands_system is still not initialized
8/25/2019, 9:52:37 PM: PackageCommonRX.bpl: Registering CommandProcessor
8/25/2019, 9:52:37 PM: PackageCommonRX.bpl: Deferring initialization of CommandProcessor which has dependencies: [managedthread]
8/25/2019, 9:52:37 PM: **unittest is still not initialized
8/25/2019, 9:52:37 PM: **DestructionQueue is still not initialized
8/25/2019, 9:52:37 PM: **commands_system is still not initialized
8/25/2019, 9:52:37 PM: **CommandProcessor is still not initialized
8/25/2019, 9:52:37 PM: PackageCommonRX.bpl: Registering ManagedThread
8/25/2019, 9:52:37 PM: PackageCommonRX.bpl: Deferring initialization of ManagedThread which has dependencies: [systemx][backgroundthreads]
8/25/2019, 9:52:37 PM: **unittest is still not initialized
8/25/2019, 9:52:37 PM: **DestructionQueue is still not initialized
8/25/2019, 9:52:37 PM: **commands_system is still not initialized
8/25/2019, 9:52:37 PM: **CommandProcessor is still not initialized
8/25/2019, 9:52:37 PM: **ManagedThread is still not initialized
8/25/2019, 9:52:37 PM: PackageCommonRX.bpl: Registering RingStats
8/25/2019, 9:52:37 PM: PackageCommonRX.bpl: Deferring initialization of RingStats which has dependencies: [managedthread]
8/25/2019, 9:52:37 PM: **unittest is still not initialized
8/25/2019, 9:52:37 PM: **DestructionQueue is still not initialized
8/25/2019, 9:52:37 PM: **commands_system is still not initialized
8/25/2019, 9:52:37 PM: **CommandProcessor is still not initialized
8/25/2019, 9:52:37 PM: **ManagedThread is still not initialized
8/25/2019, 9:52:37 PM: **RingStats is still not initialized
8/25/2019, 9:52:37 PM: PackageCommonRX.bpl: Registering commands_file
8/25/2019, 9:52:37 PM: PackageCommonRX.bpl: Deferring initialization of commands_file which has dependencies: [debug][managedthread]
8/25/2019, 9:52:37 PM: **unittest is still not initialized
8/25/2019, 9:52:37 PM: **DestructionQueue is still not initialized
8/25/2019, 9:52:37 PM: **commands_system is still not initialized
8/25/2019, 9:52:37 PM: **CommandProcessor is still not initialized
8/25/2019, 9:52:37 PM: **ManagedThread is still not initialized
8/25/2019, 9:52:37 PM: **RingStats is still not initialized
8/25/2019, 9:52:37 PM: **commands_file is still not initialized
8/25/2019, 9:52:37 PM: PackageCommonRX.bpl: Registering Dir
8/25/2019, 9:52:37 PM: PackageCommonRX.bpl: Deferring initialization of Dir which has dependencies: [managedthread]
8/25/2019, 9:52:37 PM: **unittest is still not initialized
8/25/2019, 9:52:37 PM: **DestructionQueue is still not initialized
8/25/2019, 9:52:37 PM: **commands_system is still not initialized
8/25/2019, 9:52:37 PM: **CommandProcessor is still not initialized
8/25/2019, 9:52:37 PM: **ManagedThread is still not initialized
8/25/2019, 9:52:37 PM: **RingStats is still not initialized
8/25/2019, 9:52:37 PM: **commands_file is still not initialized
8/25/2019, 9:52:37 PM: **Dir is still not initialized
8/25/2019, 9:52:37 PM: PackageCommonRX.bpl: Registering PeriodicEvents
8/25/2019, 9:52:37 PM: PackageCommonRX.bpl: Deferring initialization of PeriodicEvents which has dependencies: [managedthread][backgroundthreads]
8/25/2019, 9:52:37 PM: **unittest is still not initialized
8/25/2019, 9:52:37 PM: **DestructionQueue is still not initialized
8/25/2019, 9:52:37 PM: **commands_system is still not initialized
8/25/2019, 9:52:37 PM: **CommandProcessor is still not initialized
8/25/2019, 9:52:37 PM: **ManagedThread is still not initialized
8/25/2019, 9:52:37 PM: **RingStats is still not initialized
8/25/2019, 9:52:37 PM: **commands_file is still not initialized
8/25/2019, 9:52:37 PM: **Dir is still not initialized
8/25/2019, 9:52:37 PM: **PeriodicEvents is still not initialized
8/25/2019, 9:52:37 PM: PackageCommonRX.bpl: Registering SharedObject
8/25/2019, 9:52:37 PM: PackageCommonRX.bpl: Initialize SharedObject
8/25/2019, 9:52:37 PM: **unittest is still not initialized
8/25/2019, 9:52:37 PM: **DestructionQueue is still not initialized
8/25/2019, 9:52:37 PM: **commands_system is still not initialized
8/25/2019, 9:52:37 PM: **CommandProcessor is still not initialized
8/25/2019, 9:52:37 PM: **ManagedThread is still not initialized
8/25/2019, 9:52:37 PM: **RingStats is still not initialized
8/25/2019, 9:52:37 PM: **commands_file is still not initialized
8/25/2019, 9:52:37 PM: **Dir is still not initialized
8/25/2019, 9:52:37 PM: **PeriodicEvents is still not initialized
8/25/2019, 9:52:37 PM: PackageCommonRX.bpl: Registering Debug
8/25/2019, 9:52:37 PM: PackageCommonRX.bpl: Initialize Debug
8/25/2019, 9:52:37 PM: ***********************************************************************************
8/25/2019, 9:52:37 PM: ****                           APPLICATION STARTUP                             ****
8/25/2019, 9:52:37 PM: ***********************************************************************************
8/25/2019, 9:52:37 PM: **unittest is still not initialized
8/25/2019, 9:52:37 PM: **DestructionQueue is still not initialized
8/25/2019, 9:52:37 PM: **commands_system is still not initialized
8/25/2019, 9:52:37 PM: **CommandProcessor is still not initialized
8/25/2019, 9:52:37 PM: **ManagedThread is still not initialized
8/25/2019, 9:52:37 PM: **RingStats is still not initialized
8/25/2019, 9:52:37 PM: **commands_file is still not initialized
8/25/2019, 9:52:37 PM: **Dir is still not initialized
8/25/2019, 9:52:37 PM: **PeriodicEvents is still not initialized
8/25/2019, 9:52:37 PM: PackageCommonRX.bpl: Registering systemx
8/25/2019, 9:52:37 PM: PackageCommonRX.bpl: Initialize systemx
8/25/2019, 9:52:37 PM: PackageCommonRX.bpl: Initialize ManagedThread
8/25/2019, 9:52:37 PM: TMAsterThreadPool@28113400: Master Thread Pool Created
8/25/2019, 9:52:37 PM: PackageCommonRX.bpl: Initialize DestructionQueue
8/25/2019, 9:52:37 PM: TThreadPoolBase@2FD472F8: Thread Creation time: 0
8/25/2019, 9:52:37 PM: PackageCommonRX.bpl: Initialize CommandProcessor
8/25/2019, 9:52:37 PM: PackageCommonRX.bpl: Initialize commands_system
8/25/2019, 9:52:37 PM: PackageCommonRX.bpl: Initialize RingStats
8/25/2019, 9:52:37 PM: TThreadPoolBase@2FD47408: Thread Creation time: 0
8/25/2019, 9:52:37 PM: PackageCommonRX.bpl: Initialize commands_file
8/25/2019, 9:52:37 PM: TThreadPoolBase@2FD47380: Thread Creation time: 0
8/25/2019, 9:52:37 PM: PackageCommonRX.bpl: Initialize Dir
8/25/2019, 9:52:37 PM: TThreadPoolBase@2FD47380: Thread Creation time: 0
8/25/2019, 9:52:37 PM: PackageCommonRX.bpl: Initialize PeriodicEvents
8/25/2019, 9:52:37 PM: TThreadPoolBase@2FD47490: Thread Creation time: 0
8/25/2019, 9:52:37 PM: **unittest is still not initialized
8/25/2019, 9:52:37 PM: PackageCommonRX.bpl: Registering betterobjectregistry
8/25/2019, 9:52:37 PM: PackageCommonRX.bpl: Initialize betterobjectregistry
8/25/2019, 9:52:37 PM: **unittest is still not initialized
8/25/2019, 9:52:37 PM: PackageCommonRX.bpl: Registering betterobject
8/25/2019, 9:52:37 PM: PackageCommonRX.bpl: Initialize betterobject
8/25/2019, 9:52:37 PM: PackageCommonRX.bpl: Initialize unittest
8/25/2019, 9:52:37 PM: TThreadPoolBase@2FD47518: Thread Creation time: 0
8/25/2019, 9:52:37 PM: TOrderlyInitializer@28114930: OrderlyInit.INITIALIZED!************************
8/25/2019, 9:52:37 PM: PackageCommonRX.bpl: Registering exe
8/25/2019, 9:52:37 PM: PackageCommonRX.bpl: Initialize exe
8/25/2019, 9:52:37 PM: TThreadPoolBase@2FD47518: Thread Creation time: 0
8/25/2019, 9:52:37 PM: TThreadPoolBase@2FD47380: Thread Creation time: 0
8/25/2019, 9:52:37 PM: TOrderlyInitializer@28114930: OrderlyInit.INITIALIZED!************************
8/25/2019, 9:52:37 PM: PackageCommonRX.bpl: Registering fftw_interface
8/25/2019, 9:52:37 PM: PackageCommonRX.bpl: Initialize fftw_interface
8/25/2019, 9:52:37 PM: TOrderlyInitializer@28114930: OrderlyInit.INITIALIZED!************************
8/25/2019, 9:52:37 PM: TThreadPoolBase@2FD47518: Thread Creation time: 0
8/25/2019, 9:52:37 PM: PackageCommonRX.bpl: Registering EasyImage
8/25/2019, 9:52:37 PM: PackageCommonRX.bpl: Initialize EasyImage
8/25/2019, 9:52:37 PM: TOrderlyInitializer@28114930: OrderlyInit.INITIALIZED!************************
8/25/2019, 9:52:37 PM: PackageCommonRX.bpl: Registering virtualdiskconstants
8/25/2019, 9:52:37 PM: PackageCommonRX.bpl: Initialize virtualdiskconstants
8/25/2019, 9:52:37 PM: TOrderlyInitializer@28114930: OrderlyInit.INITIALIZED!************************
8/25/2019, 9:52:37 PM: PackageCommonRX.bpl: Registering raid
8/25/2019, 9:52:37 PM: PackageCommonRX.bpl: Initialize raid
8/25/2019, 9:52:37 PM: TOrderlyInitializer@28114930: OrderlyInit.INITIALIZED!************************
8/25/2019, 9:52:37 PM: PackageCommonRX.bpl: Registering ConsoleLock
8/25/2019, 9:52:37 PM: PackageCommonRX.bpl: Initialize ConsoleLock
8/25/2019, 9:52:37 PM: TOrderlyInitializer@28114930: OrderlyInit.INITIALIZED!************************
8/25/2019, 9:52:37 PM: PackageCommonRX.bpl: Registering Fiber
8/25/2019, 9:52:37 PM: PackageCommonRX.bpl: Initialize Fiber
8/25/2019, 9:52:37 PM: TOrderlyInitializer@28114930: OrderlyInit.INITIALIZED!************************
8/25/2019, 9:52:37 PM: PackageCommonRX.bpl: Registering better_indy
8/25/2019, 9:52:37 PM: PackageCommonRX.bpl: Initialize better_indy
8/25/2019, 9:52:37 PM: TOrderlyInitializer@28114930: OrderlyInit.INITIALIZED!************************
8/25/2019, 9:52:37 PM: PackageCommonRX.bpl: Registering SimpleReliableUDP
8/25/2019, 9:52:37 PM: PackageCommonRX.bpl: Initialize SimpleReliableUDP
8/25/2019, 9:52:37 PM: TOrderlyInitializer@28114930: OrderlyInit.INITIALIZED!************************
8/25/2019, 9:52:37 PM: PackageCommonRX.bpl: Registering RUDPMonitor
8/25/2019, 9:52:37 PM: PackageCommonRX.bpl: Initialize RUDPMonitor
8/25/2019, 9:52:37 PM: TOrderlyInitializer@28114930: OrderlyInit.INITIALIZED!************************
8/25/2019, 9:52:37 PM: PackageCommonRX.bpl: Registering ProgressForm
8/25/2019, 9:52:37 PM: PackageCommonRX.bpl: Initialize ProgressForm
8/25/2019, 9:52:37 PM: TOrderlyInitializer@28114930: OrderlyInit.INITIALIZED!************************
8/26/2019, 1:24:43 PM: PackageCommonRX.bpl: Registering TickCount
8/26/2019, 1:24:44 PM: PackageCommonRX.bpl: Initialize TickCount
8/26/2019, 1:24:44 PM: TOrderlyInitializer@27F7BDB0: OrderlyInit.INITIALIZED!************************
8/26/2019, 1:24:44 PM: PackageCommonRX.bpl: Registering ApplicationParams
8/26/2019, 1:24:44 PM: PackageCommonRX.bpl: Initialize ApplicationParams
8/26/2019, 1:24:44 PM: TOrderlyInitializer@27F7BDB0: OrderlyInit.INITIALIZED!************************
8/26/2019, 1:24:44 PM: PackageCommonRX.bpl: Registering unittest
8/26/2019, 1:24:44 PM: PackageCommonRX.bpl: Deferring initialization of unittest which has dependencies: [betterobject]
8/26/2019, 1:24:44 PM: **unittest is still not initialized
8/26/2019, 1:24:44 PM: PackageCommonRX.bpl: Registering DestructionQueue
8/26/2019, 1:24:44 PM: PackageCommonRX.bpl: Deferring initialization of DestructionQueue which has dependencies: [backgroundthreads][managedthread]
8/26/2019, 1:24:44 PM: **unittest is still not initialized
8/26/2019, 1:24:44 PM: **DestructionQueue is still not initialized
8/26/2019, 1:24:44 PM: PackageCommonRX.bpl: Registering BackgroundThreads
8/26/2019, 1:24:44 PM: PackageCommonRX.bpl: Initialize BackgroundThreads
8/26/2019, 1:24:44 PM: **unittest is still not initialized
8/26/2019, 1:24:44 PM: **DestructionQueue is still not initialized
8/26/2019, 1:24:44 PM: PackageCommonRX.bpl: Registering commands_system
8/26/2019, 1:24:44 PM: PackageCommonRX.bpl: Deferring initialization of commands_system which has dependencies: [commandprocessor]
8/26/2019, 1:24:44 PM: **unittest is still not initialized
8/26/2019, 1:24:44 PM: **DestructionQueue is still not initialized
8/26/2019, 1:24:44 PM: **commands_system is still not initialized
8/26/2019, 1:24:44 PM: PackageCommonRX.bpl: Registering CommandProcessor
8/26/2019, 1:24:44 PM: PackageCommonRX.bpl: Deferring initialization of CommandProcessor which has dependencies: [managedthread]
8/26/2019, 1:24:44 PM: **unittest is still not initialized
8/26/2019, 1:24:44 PM: **DestructionQueue is still not initialized
8/26/2019, 1:24:44 PM: **commands_system is still not initialized
8/26/2019, 1:24:44 PM: **CommandProcessor is still not initialized
8/26/2019, 1:24:44 PM: PackageCommonRX.bpl: Registering ManagedThread
8/26/2019, 1:24:44 PM: PackageCommonRX.bpl: Deferring initialization of ManagedThread which has dependencies: [systemx][backgroundthreads]
8/26/2019, 1:24:44 PM: **unittest is still not initialized
8/26/2019, 1:24:44 PM: **DestructionQueue is still not initialized
8/26/2019, 1:24:44 PM: **commands_system is still not initialized
8/26/2019, 1:24:44 PM: **CommandProcessor is still not initialized
8/26/2019, 1:24:44 PM: **ManagedThread is still not initialized
8/26/2019, 1:24:44 PM: PackageCommonRX.bpl: Registering RingStats
8/26/2019, 1:24:44 PM: PackageCommonRX.bpl: Deferring initialization of RingStats which has dependencies: [managedthread]
8/26/2019, 1:24:44 PM: **unittest is still not initialized
8/26/2019, 1:24:44 PM: **DestructionQueue is still not initialized
8/26/2019, 1:24:44 PM: **commands_system is still not initialized
8/26/2019, 1:24:44 PM: **CommandProcessor is still not initialized
8/26/2019, 1:24:44 PM: **ManagedThread is still not initialized
8/26/2019, 1:24:44 PM: **RingStats is still not initialized
8/26/2019, 1:24:44 PM: PackageCommonRX.bpl: Registering commands_file
8/26/2019, 1:24:44 PM: PackageCommonRX.bpl: Deferring initialization of commands_file which has dependencies: [debug][managedthread]
8/26/2019, 1:24:44 PM: **unittest is still not initialized
8/26/2019, 1:24:44 PM: **DestructionQueue is still not initialized
8/26/2019, 1:24:44 PM: **commands_system is still not initialized
8/26/2019, 1:24:44 PM: **CommandProcessor is still not initialized
8/26/2019, 1:24:44 PM: **ManagedThread is still not initialized
8/26/2019, 1:24:44 PM: **RingStats is still not initialized
8/26/2019, 1:24:44 PM: **commands_file is still not initialized
8/26/2019, 1:24:44 PM: PackageCommonRX.bpl: Registering Dir
8/26/2019, 1:24:44 PM: PackageCommonRX.bpl: Deferring initialization of Dir which has dependencies: [managedthread]
8/26/2019, 1:24:44 PM: **unittest is still not initialized
8/26/2019, 1:24:44 PM: **DestructionQueue is still not initialized
8/26/2019, 1:24:44 PM: **commands_system is still not initialized
8/26/2019, 1:24:44 PM: **CommandProcessor is still not initialized
8/26/2019, 1:24:44 PM: **ManagedThread is still not initialized
8/26/2019, 1:24:44 PM: **RingStats is still not initialized
8/26/2019, 1:24:44 PM: **commands_file is still not initialized
8/26/2019, 1:24:44 PM: **Dir is still not initialized
8/26/2019, 1:24:44 PM: PackageCommonRX.bpl: Registering PeriodicEvents
8/26/2019, 1:24:44 PM: PackageCommonRX.bpl: Deferring initialization of PeriodicEvents which has dependencies: [managedthread][backgroundthreads]
8/26/2019, 1:24:44 PM: **unittest is still not initialized
8/26/2019, 1:24:44 PM: **DestructionQueue is still not initialized
8/26/2019, 1:24:44 PM: **commands_system is still not initialized
8/26/2019, 1:24:44 PM: **CommandProcessor is still not initialized
8/26/2019, 1:24:44 PM: **ManagedThread is still not initialized
8/26/2019, 1:24:44 PM: **RingStats is still not initialized
8/26/2019, 1:24:44 PM: **commands_file is still not initialized
8/26/2019, 1:24:44 PM: **Dir is still not initialized
8/26/2019, 1:24:44 PM: **PeriodicEvents is still not initialized
8/26/2019, 1:24:44 PM: PackageCommonRX.bpl: Registering SharedObject
8/26/2019, 1:24:44 PM: PackageCommonRX.bpl: Initialize SharedObject
8/26/2019, 1:24:44 PM: **unittest is still not initialized
8/26/2019, 1:24:44 PM: **DestructionQueue is still not initialized
8/26/2019, 1:24:44 PM: **commands_system is still not initialized
8/26/2019, 1:24:44 PM: **CommandProcessor is still not initialized
8/26/2019, 1:24:44 PM: **ManagedThread is still not initialized
8/26/2019, 1:24:44 PM: **RingStats is still not initialized
8/26/2019, 1:24:44 PM: **commands_file is still not initialized
8/26/2019, 1:24:44 PM: **Dir is still not initialized
8/26/2019, 1:24:44 PM: **PeriodicEvents is still not initialized
8/26/2019, 1:24:44 PM: PackageCommonRX.bpl: Registering Debug
8/26/2019, 1:24:44 PM: PackageCommonRX.bpl: Initialize Debug
8/26/2019, 1:24:44 PM: ***********************************************************************************
8/26/2019, 1:24:44 PM: ****                           APPLICATION STARTUP                             ****
8/26/2019, 1:24:44 PM: ***********************************************************************************
8/26/2019, 1:24:44 PM: **unittest is still not initialized
8/26/2019, 1:24:44 PM: **DestructionQueue is still not initialized
8/26/2019, 1:24:44 PM: **commands_system is still not initialized
8/26/2019, 1:24:44 PM: **CommandProcessor is still not initialized
8/26/2019, 1:24:44 PM: **ManagedThread is still not initialized
8/26/2019, 1:24:44 PM: **RingStats is still not initialized
8/26/2019, 1:24:44 PM: **commands_file is still not initialized
8/26/2019, 1:24:44 PM: **Dir is still not initialized
8/26/2019, 1:24:44 PM: **PeriodicEvents is still not initialized
8/26/2019, 1:24:44 PM: PackageCommonRX.bpl: Registering systemx
8/26/2019, 1:24:44 PM: PackageCommonRX.bpl: Initialize systemx
8/26/2019, 1:24:44 PM: PackageCommonRX.bpl: Initialize ManagedThread
8/26/2019, 1:24:44 PM: TMAsterThreadPool@27F78550: Master Thread Pool Created
8/26/2019, 1:24:44 PM: PackageCommonRX.bpl: Initialize DestructionQueue
8/26/2019, 1:24:44 PM: TThreadPoolBase@2FBCF338: Thread Creation time: 0
8/26/2019, 1:24:44 PM: PackageCommonRX.bpl: Initialize CommandProcessor
8/26/2019, 1:24:44 PM: PackageCommonRX.bpl: Initialize commands_system
8/26/2019, 1:24:44 PM: PackageCommonRX.bpl: Initialize RingStats
8/26/2019, 1:24:44 PM: TThreadPoolBase@2FBCF448: Thread Creation time: 0
8/26/2019, 1:24:44 PM: PackageCommonRX.bpl: Initialize commands_file
8/26/2019, 1:24:44 PM: TThreadPoolBase@2FBCF3C0: Thread Creation time: 0
8/26/2019, 1:24:44 PM: PackageCommonRX.bpl: Initialize Dir
8/26/2019, 1:24:44 PM: TThreadPoolBase@2FBCF3C0: Thread Creation time: 0
8/26/2019, 1:24:44 PM: PackageCommonRX.bpl: Initialize PeriodicEvents
8/26/2019, 1:24:44 PM: TThreadPoolBase@2FBCF4D0: Thread Creation time: 0
8/26/2019, 1:24:44 PM: TThreadPoolBase@2FBCF4D0: Thread Creation time: 0
8/26/2019, 1:24:44 PM: TThreadPoolBase@2FBCF558: Thread Creation time: 0
8/26/2019, 1:24:44 PM: **unittest is still not initialized
8/26/2019, 1:24:44 PM: PackageCommonRX.bpl: Registering betterobjectregistry
8/26/2019, 1:24:44 PM: PackageCommonRX.bpl: Initialize betterobjectregistry
8/26/2019, 1:24:44 PM: **unittest is still not initialized
8/26/2019, 1:24:44 PM: PackageCommonRX.bpl: Registering betterobject
8/26/2019, 1:24:44 PM: PackageCommonRX.bpl: Initialize betterobject
8/26/2019, 1:24:44 PM: PackageCommonRX.bpl: Initialize unittest
8/26/2019, 1:24:44 PM: TOrderlyInitializer@27F7BDB0: OrderlyInit.INITIALIZED!************************
8/26/2019, 1:24:44 PM: PackageCommonRX.bpl: Registering exe
8/26/2019, 1:24:44 PM: PackageCommonRX.bpl: Initialize exe
8/26/2019, 1:24:44 PM: TThreadPoolBase@2FBCF3C0: Thread Creation time: 0
8/26/2019, 1:24:44 PM: TOrderlyInitializer@27F7BDB0: OrderlyInit.INITIALIZED!************************
8/26/2019, 1:24:44 PM: PackageCommonRX.bpl: Registering fftw_interface
8/26/2019, 1:24:44 PM: PackageCommonRX.bpl: Initialize fftw_interface
8/26/2019, 1:24:44 PM: TOrderlyInitializer@27F7BDB0: OrderlyInit.INITIALIZED!************************
8/26/2019, 1:24:44 PM: TThreadPoolBase@2FBCF4D0: Thread Creation time: 0
8/26/2019, 1:24:44 PM: PackageCommonRX.bpl: Registering EasyImage
8/26/2019, 1:24:44 PM: PackageCommonRX.bpl: Initialize EasyImage
8/26/2019, 1:24:44 PM: TOrderlyInitializer@27F7BDB0: OrderlyInit.INITIALIZED!************************
8/26/2019, 1:24:44 PM: PackageCommonRX.bpl: Registering virtualdiskconstants
8/26/2019, 1:24:44 PM: PackageCommonRX.bpl: Initialize virtualdiskconstants
8/26/2019, 1:24:44 PM: TOrderlyInitializer@27F7BDB0: OrderlyInit.INITIALIZED!************************
8/26/2019, 1:24:44 PM: PackageCommonRX.bpl: Registering raid
8/26/2019, 1:24:44 PM: PackageCommonRX.bpl: Initialize raid
8/26/2019, 1:24:44 PM: TOrderlyInitializer@27F7BDB0: OrderlyInit.INITIALIZED!************************
8/26/2019, 1:24:44 PM: PackageCommonRX.bpl: Registering ConsoleLock
8/26/2019, 1:24:44 PM: PackageCommonRX.bpl: Initialize ConsoleLock
8/26/2019, 1:24:44 PM: TOrderlyInitializer@27F7BDB0: OrderlyInit.INITIALIZED!************************
8/26/2019, 1:24:44 PM: PackageCommonRX.bpl: Registering Fiber
8/26/2019, 1:24:44 PM: PackageCommonRX.bpl: Initialize Fiber
8/26/2019, 1:24:44 PM: TOrderlyInitializer@27F7BDB0: OrderlyInit.INITIALIZED!************************
8/26/2019, 1:24:44 PM: PackageCommonRX.bpl: Registering better_indy
8/26/2019, 1:24:44 PM: PackageCommonRX.bpl: Initialize better_indy
8/26/2019, 1:24:44 PM: TOrderlyInitializer@27F7BDB0: OrderlyInit.INITIALIZED!************************
8/26/2019, 1:24:44 PM: PackageCommonRX.bpl: Registering SimpleReliableUDP
8/26/2019, 1:24:44 PM: PackageCommonRX.bpl: Initialize SimpleReliableUDP
8/26/2019, 1:24:44 PM: TOrderlyInitializer@27F7BDB0: OrderlyInit.INITIALIZED!************************
8/26/2019, 1:24:44 PM: PackageCommonRX.bpl: Registering RUDPMonitor
8/26/2019, 1:24:44 PM: PackageCommonRX.bpl: Initialize RUDPMonitor
8/26/2019, 1:24:44 PM: TOrderlyInitializer@27F7BDB0: OrderlyInit.INITIALIZED!************************
8/26/2019, 1:24:44 PM: PackageCommonRX.bpl: Registering ProgressForm
8/26/2019, 1:24:44 PM: PackageCommonRX.bpl: Initialize ProgressForm
8/26/2019, 1:24:44 PM: TOrderlyInitializer@27F7BDB0: OrderlyInit.INITIALIZED!************************
8/26/2019, 2:05:37 PM: PackageCommonRX.bpl: Registering TickCount
