8/8/2019, 10:35:56 AM: PackageCommonRX.bpl: Initialize TickCount
8/8/2019, 10:35:56 AM: TOrderlyInitializer@2738F090: OrderlyInit.INITIALIZED!************************
8/8/2019, 10:35:56 AM: PackageCommonRX.bpl: Registering ApplicationParams
8/8/2019, 10:35:56 AM: PackageCommonRX.bpl: Initialize ApplicationParams
8/8/2019, 10:35:56 AM: TOrderlyInitializer@2738F090: OrderlyInit.INITIALIZED!************************
8/8/2019, 10:35:56 AM: PackageCommonRX.bpl: Registering unittest
8/8/2019, 10:35:56 AM: PackageCommonRX.bpl: Deferring initialization of unittest which has dependencies: [betterobject]
8/8/2019, 10:35:56 AM: **unittest is still not initialized
8/8/2019, 10:35:56 AM: PackageCommonRX.bpl: Registering DestructionQueue
8/8/2019, 10:35:56 AM: PackageCommonRX.bpl: Deferring initialization of DestructionQueue which has dependencies: [backgroundthreads][managedthread]
8/8/2019, 10:35:56 AM: **unittest is still not initialized
8/8/2019, 10:35:56 AM: **DestructionQueue is still not initialized
8/8/2019, 10:35:56 AM: PackageCommonRX.bpl: Registering BackgroundThreads
8/8/2019, 10:35:56 AM: PackageCommonRX.bpl: Initialize BackgroundThreads
8/8/2019, 10:35:56 AM: **unittest is still not initialized
8/8/2019, 10:35:56 AM: **DestructionQueue is still not initialized
8/8/2019, 10:35:56 AM: PackageCommonRX.bpl: Registering commands_system
8/8/2019, 10:35:56 AM: PackageCommonRX.bpl: Deferring initialization of commands_system which has dependencies: [commandprocessor]
8/8/2019, 10:35:56 AM: **unittest is still not initialized
8/8/2019, 10:35:56 AM: **DestructionQueue is still not initialized
8/8/2019, 10:35:56 AM: **commands_system is still not initialized
8/8/2019, 10:35:56 AM: PackageCommonRX.bpl: Registering CommandProcessor
8/8/2019, 10:35:56 AM: PackageCommonRX.bpl: Deferring initialization of CommandProcessor which has dependencies: [managedthread]
8/8/2019, 10:35:56 AM: **unittest is still not initialized
8/8/2019, 10:35:56 AM: **DestructionQueue is still not initialized
8/8/2019, 10:35:56 AM: **commands_system is still not initialized
8/8/2019, 10:35:56 AM: **CommandProcessor is still not initialized
8/8/2019, 10:35:56 AM: PackageCommonRX.bpl: Registering ManagedThread
8/8/2019, 10:35:56 AM: PackageCommonRX.bpl: Deferring initialization of ManagedThread which has dependencies: [systemx][backgroundthreads]
8/8/2019, 10:35:56 AM: **unittest is still not initialized
8/8/2019, 10:35:56 AM: **DestructionQueue is still not initialized
8/8/2019, 10:35:56 AM: **commands_system is still not initialized
8/8/2019, 10:35:56 AM: **CommandProcessor is still not initialized
8/8/2019, 10:35:56 AM: **ManagedThread is still not initialized
8/8/2019, 10:35:56 AM: PackageCommonRX.bpl: Registering RingStats
8/8/2019, 10:35:56 AM: PackageCommonRX.bpl: Deferring initialization of RingStats which has dependencies: [managedthread]
8/8/2019, 10:35:56 AM: **unittest is still not initialized
8/8/2019, 10:35:56 AM: **DestructionQueue is still not initialized
8/8/2019, 10:35:56 AM: **commands_system is still not initialized
8/8/2019, 10:35:56 AM: **CommandProcessor is still not initialized
8/8/2019, 10:35:56 AM: **ManagedThread is still not initialized
8/8/2019, 10:35:56 AM: **RingStats is still not initialized
8/8/2019, 10:35:56 AM: PackageCommonRX.bpl: Registering commands_file
8/8/2019, 10:35:56 AM: PackageCommonRX.bpl: Deferring initialization of commands_file which has dependencies: [debug][managedthread]
8/8/2019, 10:35:56 AM: **unittest is still not initialized
8/8/2019, 10:35:56 AM: **DestructionQueue is still not initialized
8/8/2019, 10:35:56 AM: **commands_system is still not initialized
8/8/2019, 10:35:56 AM: **CommandProcessor is still not initialized
8/8/2019, 10:35:56 AM: **ManagedThread is still not initialized
8/8/2019, 10:35:56 AM: **RingStats is still not initialized
8/8/2019, 10:35:56 AM: **commands_file is still not initialized
8/8/2019, 10:35:56 AM: PackageCommonRX.bpl: Registering Dir
8/8/2019, 10:35:56 AM: PackageCommonRX.bpl: Deferring initialization of Dir which has dependencies: [managedthread]
8/8/2019, 10:35:56 AM: **unittest is still not initialized
8/8/2019, 10:35:56 AM: **DestructionQueue is still not initialized
8/8/2019, 10:35:56 AM: **commands_system is still not initialized
8/8/2019, 10:35:56 AM: **CommandProcessor is still not initialized
8/8/2019, 10:35:56 AM: **ManagedThread is still not initialized
8/8/2019, 10:35:56 AM: **RingStats is still not initialized
8/8/2019, 10:35:56 AM: **commands_file is still not initialized
8/8/2019, 10:35:56 AM: **Dir is still not initialized
8/8/2019, 10:35:56 AM: PackageCommonRX.bpl: Registering PeriodicEvents
8/8/2019, 10:35:56 AM: PackageCommonRX.bpl: Deferring initialization of PeriodicEvents which has dependencies: [managedthread][backgroundthreads]
8/8/2019, 10:35:56 AM: **unittest is still not initialized
8/8/2019, 10:35:56 AM: **DestructionQueue is still not initialized
8/8/2019, 10:35:56 AM: **commands_system is still not initialized
8/8/2019, 10:35:56 AM: **CommandProcessor is still not initialized
8/8/2019, 10:35:56 AM: **ManagedThread is still not initialized
8/8/2019, 10:35:56 AM: **RingStats is still not initialized
8/8/2019, 10:35:56 AM: **commands_file is still not initialized
8/8/2019, 10:35:56 AM: **Dir is still not initialized
8/8/2019, 10:35:56 AM: **PeriodicEvents is still not initialized
8/8/2019, 10:35:56 AM: PackageCommonRX.bpl: Registering SharedObject
8/8/2019, 10:35:56 AM: PackageCommonRX.bpl: Initialize SharedObject
8/8/2019, 10:35:56 AM: **unittest is still not initialized
8/8/2019, 10:35:56 AM: **DestructionQueue is still not initialized
8/8/2019, 10:35:56 AM: **commands_system is still not initialized
8/8/2019, 10:35:56 AM: **CommandProcessor is still not initialized
8/8/2019, 10:35:56 AM: **ManagedThread is still not initialized
8/8/2019, 10:35:56 AM: **RingStats is still not initialized
8/8/2019, 10:35:56 AM: **commands_file is still not initialized
8/8/2019, 10:35:56 AM: **Dir is still not initialized
8/8/2019, 10:35:56 AM: **PeriodicEvents is still not initialized
8/8/2019, 10:35:56 AM: PackageCommonRX.bpl: Registering Debug
8/8/2019, 10:35:56 AM: PackageCommonRX.bpl: Initialize Debug
8/8/2019, 10:35:56 AM: ***********************************************************************************
8/8/2019, 10:35:56 AM: ****                           APPLICATION STARTUP                             ****
8/8/2019, 10:35:56 AM: ***********************************************************************************
8/8/2019, 10:35:56 AM: **unittest is still not initialized
8/8/2019, 10:35:56 AM: **DestructionQueue is still not initialized
8/8/2019, 10:35:56 AM: **commands_system is still not initialized
8/8/2019, 10:35:56 AM: **CommandProcessor is still not initialized
8/8/2019, 10:35:56 AM: **ManagedThread is still not initialized
8/8/2019, 10:35:56 AM: **RingStats is still not initialized
8/8/2019, 10:35:56 AM: **commands_file is still not initialized
8/8/2019, 10:35:56 AM: **Dir is still not initialized
8/8/2019, 10:35:56 AM: **PeriodicEvents is still not initialized
8/8/2019, 10:35:56 AM: PackageCommonRX.bpl: Registering systemx
8/8/2019, 10:35:56 AM: PackageCommonRX.bpl: Initialize systemx
8/8/2019, 10:35:56 AM: PackageCommonRX.bpl: Initialize ManagedThread
8/8/2019, 10:35:56 AM: TMAsterThreadPool@2737DB30: Master Thread Pool Created
8/8/2019, 10:35:56 AM: PackageCommonRX.bpl: Initialize DestructionQueue
8/8/2019, 10:35:56 AM: TThreadPoolBase@27471A90: Thread Creation time: 0
8/8/2019, 10:35:56 AM: PackageCommonRX.bpl: Initialize CommandProcessor
8/8/2019, 10:35:56 AM: PackageCommonRX.bpl: Initialize commands_system
8/8/2019, 10:35:56 AM: PackageCommonRX.bpl: Initialize RingStats
8/8/2019, 10:35:56 AM: TThreadPoolBase@27471BA0: Thread Creation time: 0
8/8/2019, 10:35:56 AM: PackageCommonRX.bpl: Initialize commands_file
8/8/2019, 10:35:56 AM: TThreadPoolBase@27471A08: Thread Creation time: 1
8/8/2019, 10:35:56 AM: PackageCommonRX.bpl: Initialize Dir
8/8/2019, 10:35:56 AM: TThreadPoolBase@27471A08: Thread Creation time: 0
8/8/2019, 10:35:56 AM: PackageCommonRX.bpl: Initialize PeriodicEvents
8/8/2019, 10:35:56 AM: TThreadPoolBase@27471C28: Thread Creation time: 0
8/8/2019, 10:35:56 AM: TThreadPoolBase@27471C28: Thread Creation time: 0
8/8/2019, 10:35:56 AM: TThreadPoolBase@27471CB0: Thread Creation time: 0
8/8/2019, 10:35:56 AM: **unittest is still not initialized
8/8/2019, 10:35:56 AM: PackageCommonRX.bpl: Registering betterobjectregistry
8/8/2019, 10:35:56 AM: PackageCommonRX.bpl: Initialize betterobjectregistry
8/8/2019, 10:35:56 AM: **unittest is still not initialized
8/8/2019, 10:35:56 AM: PackageCommonRX.bpl: Registering betterobject
8/8/2019, 10:35:56 AM: PackageCommonRX.bpl: Initialize betterobject
8/8/2019, 10:35:56 AM: PackageCommonRX.bpl: Initialize unittest
8/8/2019, 10:35:56 AM: TOrderlyInitializer@2738F090: OrderlyInit.INITIALIZED!************************
8/8/2019, 10:35:56 AM: PackageCommonRX.bpl: Registering exe
8/8/2019, 10:35:56 AM: PackageCommonRX.bpl: Initialize exe
8/8/2019, 10:35:56 AM: TThreadPoolBase@27471A08: Thread Creation time: 0
8/8/2019, 10:35:56 AM: TOrderlyInitializer@2738F090: OrderlyInit.INITIALIZED!************************
8/8/2019, 10:35:56 AM: PackageCommonRX.bpl: Registering fftw_interface
8/8/2019, 10:35:56 AM: PackageCommonRX.bpl: Initialize fftw_interface
8/8/2019, 10:35:56 AM: TOrderlyInitializer@2738F090: OrderlyInit.INITIALIZED!************************
8/8/2019, 10:35:56 AM: TThreadPoolBase@27471C28: Thread Creation time: 1
8/8/2019, 10:35:56 AM: PackageCommonRX.bpl: Registering EasyImage
8/8/2019, 10:35:56 AM: PackageCommonRX.bpl: Initialize EasyImage
8/8/2019, 10:35:56 AM: TOrderlyInitializer@2738F090: OrderlyInit.INITIALIZED!************************
8/8/2019, 10:35:56 AM: PackageCommonRX.bpl: Registering virtualdiskconstants
8/8/2019, 10:35:56 AM: PackageCommonRX.bpl: Initialize virtualdiskconstants
8/8/2019, 10:35:56 AM: TOrderlyInitializer@2738F090: OrderlyInit.INITIALIZED!************************
8/8/2019, 10:35:56 AM: PackageCommonRX.bpl: Registering raid
8/8/2019, 10:35:56 AM: PackageCommonRX.bpl: Initialize raid
8/8/2019, 10:35:56 AM: TOrderlyInitializer@2738F090: OrderlyInit.INITIALIZED!************************
8/8/2019, 10:35:56 AM: PackageCommonRX.bpl: Registering ConsoleLock
8/8/2019, 10:35:56 AM: PackageCommonRX.bpl: Initialize ConsoleLock
8/8/2019, 10:35:56 AM: TOrderlyInitializer@2738F090: OrderlyInit.INITIALIZED!************************
8/8/2019, 10:35:56 AM: PackageCommonRX.bpl: Registering Fiber
8/8/2019, 10:35:56 AM: PackageCommonRX.bpl: Initialize Fiber
8/8/2019, 10:35:56 AM: TOrderlyInitializer@2738F090: OrderlyInit.INITIALIZED!************************
8/8/2019, 10:35:56 AM: PackageCommonRX.bpl: Registering better_indy
8/8/2019, 10:35:56 AM: PackageCommonRX.bpl: Initialize better_indy
8/8/2019, 10:35:56 AM: TOrderlyInitializer@2738F090: OrderlyInit.INITIALIZED!************************
8/8/2019, 10:35:56 AM: PackageCommonRX.bpl: Registering SimpleReliableUDP
8/8/2019, 10:35:56 AM: PackageCommonRX.bpl: Initialize SimpleReliableUDP
8/8/2019, 10:35:56 AM: TOrderlyInitializer@2738F090: OrderlyInit.INITIALIZED!************************
8/8/2019, 10:35:56 AM: PackageCommonRX.bpl: Registering RUDPMonitor
8/8/2019, 10:35:56 AM: PackageCommonRX.bpl: Initialize RUDPMonitor
8/8/2019, 10:35:56 AM: TOrderlyInitializer@2738F090: OrderlyInit.INITIALIZED!************************
8/8/2019, 10:35:56 AM: PackageCommonRX.bpl: Registering ProgressForm
8/8/2019, 10:35:56 AM: PackageCommonRX.bpl: Initialize ProgressForm
8/8/2019, 10:35:56 AM: TOrderlyInitializer@2738F090: OrderlyInit.INITIALIZED!************************
8/9/2019, 5:17:43 PM: PackageCommonRX.bpl: Registering TickCount
