8/9/2019, 5:17:43 PM: PackageCommonRX.bpl: Initialize TickCount
8/9/2019, 5:17:43 PM: TOrderlyInitializer@2A9679F0: OrderlyInit.INITIALIZED!************************
8/9/2019, 5:17:43 PM: PackageCommonRX.bpl: Registering ApplicationParams
8/9/2019, 5:17:43 PM: PackageCommonRX.bpl: Initialize ApplicationParams
8/9/2019, 5:17:43 PM: TOrderlyInitializer@2A9679F0: OrderlyInit.INITIALIZED!************************
8/9/2019, 5:17:43 PM: PackageCommonRX.bpl: Registering unittest
8/9/2019, 5:17:43 PM: PackageCommonRX.bpl: Deferring initialization of unittest which has dependencies: [betterobject]
8/9/2019, 5:17:43 PM: **unittest is still not initialized
8/9/2019, 5:17:43 PM: PackageCommonRX.bpl: Registering DestructionQueue
8/9/2019, 5:17:43 PM: PackageCommonRX.bpl: Deferring initialization of DestructionQueue which has dependencies: [backgroundthreads][managedthread]
8/9/2019, 5:17:43 PM: **unittest is still not initialized
8/9/2019, 5:17:43 PM: **DestructionQueue is still not initialized
8/9/2019, 5:17:43 PM: PackageCommonRX.bpl: Registering BackgroundThreads
8/9/2019, 5:17:43 PM: PackageCommonRX.bpl: Initialize BackgroundThreads
8/9/2019, 5:17:43 PM: **unittest is still not initialized
8/9/2019, 5:17:43 PM: **DestructionQueue is still not initialized
8/9/2019, 5:17:43 PM: PackageCommonRX.bpl: Registering commands_system
8/9/2019, 5:17:43 PM: PackageCommonRX.bpl: Deferring initialization of commands_system which has dependencies: [commandprocessor]
8/9/2019, 5:17:43 PM: **unittest is still not initialized
8/9/2019, 5:17:43 PM: **DestructionQueue is still not initialized
8/9/2019, 5:17:43 PM: **commands_system is still not initialized
8/9/2019, 5:17:43 PM: PackageCommonRX.bpl: Registering CommandProcessor
8/9/2019, 5:17:43 PM: PackageCommonRX.bpl: Deferring initialization of CommandProcessor which has dependencies: [managedthread]
8/9/2019, 5:17:43 PM: **unittest is still not initialized
8/9/2019, 5:17:43 PM: **DestructionQueue is still not initialized
8/9/2019, 5:17:43 PM: **commands_system is still not initialized
8/9/2019, 5:17:43 PM: **CommandProcessor is still not initialized
8/9/2019, 5:17:43 PM: PackageCommonRX.bpl: Registering ManagedThread
8/9/2019, 5:17:43 PM: PackageCommonRX.bpl: Deferring initialization of ManagedThread which has dependencies: [systemx][backgroundthreads]
8/9/2019, 5:17:43 PM: **unittest is still not initialized
8/9/2019, 5:17:43 PM: **DestructionQueue is still not initialized
8/9/2019, 5:17:43 PM: **commands_system is still not initialized
8/9/2019, 5:17:43 PM: **CommandProcessor is still not initialized
8/9/2019, 5:17:43 PM: **ManagedThread is still not initialized
8/9/2019, 5:17:43 PM: PackageCommonRX.bpl: Registering RingStats
8/9/2019, 5:17:43 PM: PackageCommonRX.bpl: Deferring initialization of RingStats which has dependencies: [managedthread]
8/9/2019, 5:17:43 PM: **unittest is still not initialized
8/9/2019, 5:17:43 PM: **DestructionQueue is still not initialized
8/9/2019, 5:17:43 PM: **commands_system is still not initialized
8/9/2019, 5:17:43 PM: **CommandProcessor is still not initialized
8/9/2019, 5:17:43 PM: **ManagedThread is still not initialized
8/9/2019, 5:17:43 PM: **RingStats is still not initialized
8/9/2019, 5:17:43 PM: PackageCommonRX.bpl: Registering commands_file
8/9/2019, 5:17:43 PM: PackageCommonRX.bpl: Deferring initialization of commands_file which has dependencies: [debug][managedthread]
8/9/2019, 5:17:43 PM: **unittest is still not initialized
8/9/2019, 5:17:43 PM: **DestructionQueue is still not initialized
8/9/2019, 5:17:43 PM: **commands_system is still not initialized
8/9/2019, 5:17:43 PM: **CommandProcessor is still not initialized
8/9/2019, 5:17:43 PM: **ManagedThread is still not initialized
8/9/2019, 5:17:43 PM: **RingStats is still not initialized
8/9/2019, 5:17:43 PM: **commands_file is still not initialized
8/9/2019, 5:17:43 PM: PackageCommonRX.bpl: Registering Dir
8/9/2019, 5:17:43 PM: PackageCommonRX.bpl: Deferring initialization of Dir which has dependencies: [managedthread]
8/9/2019, 5:17:43 PM: **unittest is still not initialized
8/9/2019, 5:17:43 PM: **DestructionQueue is still not initialized
8/9/2019, 5:17:43 PM: **commands_system is still not initialized
8/9/2019, 5:17:43 PM: **CommandProcessor is still not initialized
8/9/2019, 5:17:43 PM: **ManagedThread is still not initialized
8/9/2019, 5:17:43 PM: **RingStats is still not initialized
8/9/2019, 5:17:43 PM: **commands_file is still not initialized
8/9/2019, 5:17:43 PM: **Dir is still not initialized
8/9/2019, 5:17:43 PM: PackageCommonRX.bpl: Registering PeriodicEvents
8/9/2019, 5:17:43 PM: PackageCommonRX.bpl: Deferring initialization of PeriodicEvents which has dependencies: [managedthread][backgroundthreads]
8/9/2019, 5:17:43 PM: **unittest is still not initialized
8/9/2019, 5:17:43 PM: **DestructionQueue is still not initialized
8/9/2019, 5:17:43 PM: **commands_system is still not initialized
8/9/2019, 5:17:43 PM: **CommandProcessor is still not initialized
8/9/2019, 5:17:43 PM: **ManagedThread is still not initialized
8/9/2019, 5:17:43 PM: **RingStats is still not initialized
8/9/2019, 5:17:43 PM: **commands_file is still not initialized
8/9/2019, 5:17:43 PM: **Dir is still not initialized
8/9/2019, 5:17:43 PM: **PeriodicEvents is still not initialized
8/9/2019, 5:17:43 PM: PackageCommonRX.bpl: Registering SharedObject
8/9/2019, 5:17:43 PM: PackageCommonRX.bpl: Initialize SharedObject
8/9/2019, 5:17:43 PM: **unittest is still not initialized
8/9/2019, 5:17:43 PM: **DestructionQueue is still not initialized
8/9/2019, 5:17:43 PM: **commands_system is still not initialized
8/9/2019, 5:17:43 PM: **CommandProcessor is still not initialized
8/9/2019, 5:17:43 PM: **ManagedThread is still not initialized
8/9/2019, 5:17:43 PM: **RingStats is still not initialized
8/9/2019, 5:17:43 PM: **commands_file is still not initialized
8/9/2019, 5:17:43 PM: **Dir is still not initialized
8/9/2019, 5:17:43 PM: **PeriodicEvents is still not initialized
8/9/2019, 5:17:43 PM: PackageCommonRX.bpl: Registering Debug
8/9/2019, 5:17:43 PM: PackageCommonRX.bpl: Initialize Debug
8/9/2019, 5:17:43 PM: ***********************************************************************************
8/9/2019, 5:17:43 PM: ****                           APPLICATION STARTUP                             ****
8/9/2019, 5:17:43 PM: ***********************************************************************************
8/9/2019, 5:17:43 PM: **unittest is still not initialized
8/9/2019, 5:17:43 PM: **DestructionQueue is still not initialized
8/9/2019, 5:17:43 PM: **commands_system is still not initialized
8/9/2019, 5:17:43 PM: **CommandProcessor is still not initialized
8/9/2019, 5:17:43 PM: **ManagedThread is still not initialized
8/9/2019, 5:17:43 PM: **RingStats is still not initialized
8/9/2019, 5:17:43 PM: **commands_file is still not initialized
8/9/2019, 5:17:43 PM: **Dir is still not initialized
8/9/2019, 5:17:43 PM: **PeriodicEvents is still not initialized
8/9/2019, 5:17:43 PM: PackageCommonRX.bpl: Registering systemx
8/9/2019, 5:17:43 PM: PackageCommonRX.bpl: Initialize systemx
8/9/2019, 5:17:43 PM: PackageCommonRX.bpl: Initialize ManagedThread
8/9/2019, 5:17:43 PM: TMAsterThreadPool@27928F80: Master Thread Pool Created
8/9/2019, 5:17:43 PM: PackageCommonRX.bpl: Initialize DestructionQueue
8/9/2019, 5:17:43 PM: TThreadPoolBase@03693230: Thread Creation time: 0
8/9/2019, 5:17:43 PM: PackageCommonRX.bpl: Initialize CommandProcessor
8/9/2019, 5:17:43 PM: PackageCommonRX.bpl: Initialize commands_system
8/9/2019, 5:17:43 PM: PackageCommonRX.bpl: Initialize RingStats
8/9/2019, 5:17:43 PM: TThreadPoolBase@036931A8: Thread Creation time: 1
8/9/2019, 5:17:43 PM: PackageCommonRX.bpl: Initialize commands_file
8/9/2019, 5:17:43 PM: TThreadPoolBase@03693120: Thread Creation time: 0
8/9/2019, 5:17:43 PM: PackageCommonRX.bpl: Initialize Dir
8/9/2019, 5:17:43 PM: TThreadPoolBase@03693120: Thread Creation time: 0
8/9/2019, 5:17:43 PM: PackageCommonRX.bpl: Initialize PeriodicEvents
8/9/2019, 5:17:43 PM: TThreadPoolBase@03693098: Thread Creation time: 0
8/9/2019, 5:17:43 PM: TThreadPoolBase@4511EF60: Thread Creation time: 1
8/9/2019, 5:17:43 PM: **unittest is still not initialized
8/9/2019, 5:17:43 PM: TThreadPoolBase@03693098: Thread Creation time: 0
8/9/2019, 5:17:43 PM: PackageCommonRX.bpl: Registering betterobjectregistry
8/9/2019, 5:17:43 PM: PackageCommonRX.bpl: Initialize betterobjectregistry
8/9/2019, 5:17:43 PM: **unittest is still not initialized
8/9/2019, 5:17:43 PM: PackageCommonRX.bpl: Registering betterobject
8/9/2019, 5:17:43 PM: PackageCommonRX.bpl: Initialize betterobject
8/9/2019, 5:17:43 PM: PackageCommonRX.bpl: Initialize unittest
8/9/2019, 5:17:43 PM: TOrderlyInitializer@2A9679F0: OrderlyInit.INITIALIZED!************************
8/9/2019, 5:17:43 PM: PackageCommonRX.bpl: Registering exe
8/9/2019, 5:17:43 PM: PackageCommonRX.bpl: Initialize exe
8/9/2019, 5:17:43 PM: TThreadPoolBase@03693120: Thread Creation time: 0
8/9/2019, 5:17:43 PM: TOrderlyInitializer@2A9679F0: OrderlyInit.INITIALIZED!************************
8/9/2019, 5:17:43 PM: PackageCommonRX.bpl: Registering fftw_interface
8/9/2019, 5:17:43 PM: PackageCommonRX.bpl: Initialize fftw_interface
8/9/2019, 5:17:43 PM: TOrderlyInitializer@2A9679F0: OrderlyInit.INITIALIZED!************************
8/9/2019, 5:17:43 PM: TThreadPoolBase@03693098: Thread Creation time: 0
8/9/2019, 5:17:43 PM: PackageCommonRX.bpl: Registering EasyImage
8/9/2019, 5:17:43 PM: PackageCommonRX.bpl: Initialize EasyImage
8/9/2019, 5:17:43 PM: TOrderlyInitializer@2A9679F0: OrderlyInit.INITIALIZED!************************
8/9/2019, 5:17:43 PM: PackageCommonRX.bpl: Registering virtualdiskconstants
8/9/2019, 5:17:43 PM: PackageCommonRX.bpl: Initialize virtualdiskconstants
8/9/2019, 5:17:43 PM: TOrderlyInitializer@2A9679F0: OrderlyInit.INITIALIZED!************************
8/9/2019, 5:17:43 PM: PackageCommonRX.bpl: Registering raid
8/9/2019, 5:17:43 PM: PackageCommonRX.bpl: Initialize raid
8/9/2019, 5:17:43 PM: TOrderlyInitializer@2A9679F0: OrderlyInit.INITIALIZED!************************
8/9/2019, 5:17:43 PM: PackageCommonRX.bpl: Registering ConsoleLock
8/9/2019, 5:17:43 PM: PackageCommonRX.bpl: Initialize ConsoleLock
8/9/2019, 5:17:43 PM: TOrderlyInitializer@2A9679F0: OrderlyInit.INITIALIZED!************************
8/9/2019, 5:17:43 PM: PackageCommonRX.bpl: Registering Fiber
8/9/2019, 5:17:43 PM: PackageCommonRX.bpl: Initialize Fiber
8/9/2019, 5:17:43 PM: TOrderlyInitializer@2A9679F0: OrderlyInit.INITIALIZED!************************
8/9/2019, 5:17:43 PM: PackageCommonRX.bpl: Registering better_indy
8/9/2019, 5:17:43 PM: PackageCommonRX.bpl: Initialize better_indy
8/9/2019, 5:17:43 PM: TOrderlyInitializer@2A9679F0: OrderlyInit.INITIALIZED!************************
8/9/2019, 5:17:43 PM: PackageCommonRX.bpl: Registering SimpleReliableUDP
8/9/2019, 5:17:43 PM: PackageCommonRX.bpl: Initialize SimpleReliableUDP
8/9/2019, 5:17:43 PM: TOrderlyInitializer@2A9679F0: OrderlyInit.INITIALIZED!************************
8/9/2019, 5:17:43 PM: PackageCommonRX.bpl: Registering RUDPMonitor
8/9/2019, 5:17:43 PM: PackageCommonRX.bpl: Initialize RUDPMonitor
8/9/2019, 5:17:43 PM: TOrderlyInitializer@2A9679F0: OrderlyInit.INITIALIZED!************************
8/9/2019, 5:17:43 PM: PackageCommonRX.bpl: Registering ProgressForm
8/9/2019, 5:17:43 PM: PackageCommonRX.bpl: Initialize ProgressForm
8/9/2019, 5:17:43 PM: TOrderlyInitializer@2A9679F0: OrderlyInit.INITIALIZED!************************
8/10/2019, 9:00:00 AM: PackageCommonRX.bpl: Registering TickCount
