10/28/2019, 2:17:21 PM: PackageCommonRX.bpl: Initialize TickCount
10/28/2019, 2:17:21 PM: TOrderlyInitializer@2518CEC0: OrderlyInit.INITIALIZED!************************
10/28/2019, 2:17:21 PM: PackageCommonRX.bpl: Registering ApplicationParams
10/28/2019, 2:17:21 PM: PackageCommonRX.bpl: Initialize ApplicationParams
10/28/2019, 2:17:21 PM: TOrderlyInitializer@2518CEC0: OrderlyInit.INITIALIZED!************************
10/28/2019, 2:17:21 PM: PackageCommonRX.bpl: Registering unittest
10/28/2019, 2:17:21 PM: PackageCommonRX.bpl: Deferring initialization of unittest which has dependencies: [betterobject]
10/28/2019, 2:17:21 PM: **unittest is still not initialized
10/28/2019, 2:17:21 PM: PackageCommonRX.bpl: Registering DestructionQueue
10/28/2019, 2:17:21 PM: PackageCommonRX.bpl: Deferring initialization of DestructionQueue which has dependencies: [backgroundthreads][managedthread]
10/28/2019, 2:17:21 PM: **unittest is still not initialized
10/28/2019, 2:17:21 PM: **DestructionQueue is still not initialized
10/28/2019, 2:17:21 PM: PackageCommonRX.bpl: Registering BackgroundThreads
10/28/2019, 2:17:21 PM: PackageCommonRX.bpl: Initialize BackgroundThreads
10/28/2019, 2:17:21 PM: **unittest is still not initialized
10/28/2019, 2:17:21 PM: **DestructionQueue is still not initialized
10/28/2019, 2:17:21 PM: PackageCommonRX.bpl: Registering commands_system
10/28/2019, 2:17:21 PM: PackageCommonRX.bpl: Deferring initialization of commands_system which has dependencies: [commandprocessor]
10/28/2019, 2:17:21 PM: **unittest is still not initialized
10/28/2019, 2:17:21 PM: **DestructionQueue is still not initialized
10/28/2019, 2:17:21 PM: **commands_system is still not initialized
10/28/2019, 2:17:21 PM: PackageCommonRX.bpl: Registering CommandProcessor
10/28/2019, 2:17:21 PM: PackageCommonRX.bpl: Deferring initialization of CommandProcessor which has dependencies: [managedthread]
10/28/2019, 2:17:21 PM: **unittest is still not initialized
10/28/2019, 2:17:21 PM: **DestructionQueue is still not initialized
10/28/2019, 2:17:21 PM: **commands_system is still not initialized
10/28/2019, 2:17:21 PM: **CommandProcessor is still not initialized
10/28/2019, 2:17:21 PM: PackageCommonRX.bpl: Registering ManagedThread
10/28/2019, 2:17:21 PM: PackageCommonRX.bpl: Deferring initialization of ManagedThread which has dependencies: [systemx][backgroundthreads]
10/28/2019, 2:17:21 PM: **unittest is still not initialized
10/28/2019, 2:17:21 PM: **DestructionQueue is still not initialized
10/28/2019, 2:17:21 PM: **commands_system is still not initialized
10/28/2019, 2:17:21 PM: **CommandProcessor is still not initialized
10/28/2019, 2:17:21 PM: **ManagedThread is still not initialized
10/28/2019, 2:17:21 PM: PackageCommonRX.bpl: Registering RingStats
10/28/2019, 2:17:21 PM: PackageCommonRX.bpl: Deferring initialization of RingStats which has dependencies: [managedthread]
10/28/2019, 2:17:21 PM: **unittest is still not initialized
10/28/2019, 2:17:21 PM: **DestructionQueue is still not initialized
10/28/2019, 2:17:21 PM: **commands_system is still not initialized
10/28/2019, 2:17:21 PM: **CommandProcessor is still not initialized
10/28/2019, 2:17:21 PM: **ManagedThread is still not initialized
10/28/2019, 2:17:21 PM: **RingStats is still not initialized
10/28/2019, 2:17:21 PM: PackageCommonRX.bpl: Registering commands_file
10/28/2019, 2:17:21 PM: PackageCommonRX.bpl: Deferring initialization of commands_file which has dependencies: [debug][managedthread]
10/28/2019, 2:17:21 PM: **unittest is still not initialized
10/28/2019, 2:17:21 PM: **DestructionQueue is still not initialized
10/28/2019, 2:17:21 PM: **commands_system is still not initialized
10/28/2019, 2:17:21 PM: **CommandProcessor is still not initialized
10/28/2019, 2:17:21 PM: **ManagedThread is still not initialized
10/28/2019, 2:17:21 PM: **RingStats is still not initialized
10/28/2019, 2:17:21 PM: **commands_file is still not initialized
10/28/2019, 2:17:21 PM: PackageCommonRX.bpl: Registering Dir
10/28/2019, 2:17:21 PM: PackageCommonRX.bpl: Deferring initialization of Dir which has dependencies: [managedthread]
10/28/2019, 2:17:21 PM: **unittest is still not initialized
10/28/2019, 2:17:21 PM: **DestructionQueue is still not initialized
10/28/2019, 2:17:21 PM: **commands_system is still not initialized
10/28/2019, 2:17:21 PM: **CommandProcessor is still not initialized
10/28/2019, 2:17:21 PM: **ManagedThread is still not initialized
10/28/2019, 2:17:21 PM: **RingStats is still not initialized
10/28/2019, 2:17:21 PM: **commands_file is still not initialized
10/28/2019, 2:17:21 PM: **Dir is still not initialized
10/28/2019, 2:17:21 PM: PackageCommonRX.bpl: Registering PeriodicEvents
10/28/2019, 2:17:21 PM: PackageCommonRX.bpl: Deferring initialization of PeriodicEvents which has dependencies: [managedthread][backgroundthreads]
10/28/2019, 2:17:21 PM: **unittest is still not initialized
10/28/2019, 2:17:21 PM: **DestructionQueue is still not initialized
10/28/2019, 2:17:21 PM: **commands_system is still not initialized
10/28/2019, 2:17:21 PM: **CommandProcessor is still not initialized
10/28/2019, 2:17:21 PM: **ManagedThread is still not initialized
10/28/2019, 2:17:21 PM: **RingStats is still not initialized
10/28/2019, 2:17:21 PM: **commands_file is still not initialized
10/28/2019, 2:17:21 PM: **Dir is still not initialized
10/28/2019, 2:17:21 PM: **PeriodicEvents is still not initialized
10/28/2019, 2:17:21 PM: PackageCommonRX.bpl: Registering SharedObject
10/28/2019, 2:17:21 PM: PackageCommonRX.bpl: Initialize SharedObject
10/28/2019, 2:17:21 PM: **unittest is still not initialized
10/28/2019, 2:17:21 PM: **DestructionQueue is still not initialized
10/28/2019, 2:17:21 PM: **commands_system is still not initialized
10/28/2019, 2:17:21 PM: **CommandProcessor is still not initialized
10/28/2019, 2:17:21 PM: **ManagedThread is still not initialized
10/28/2019, 2:17:21 PM: **RingStats is still not initialized
10/28/2019, 2:17:21 PM: **commands_file is still not initialized
10/28/2019, 2:17:21 PM: **Dir is still not initialized
10/28/2019, 2:17:21 PM: **PeriodicEvents is still not initialized
10/28/2019, 2:17:21 PM: PackageCommonRX.bpl: Registering Debug
10/28/2019, 2:17:21 PM: PackageCommonRX.bpl: Initialize Debug
10/28/2019, 2:17:21 PM: ***********************************************************************************
10/28/2019, 2:17:21 PM: ****                           APPLICATION STARTUP                             ****
10/28/2019, 2:17:21 PM: ***********************************************************************************
10/28/2019, 2:17:21 PM: **unittest is still not initialized
10/28/2019, 2:17:21 PM: **DestructionQueue is still not initialized
10/28/2019, 2:17:21 PM: **commands_system is still not initialized
10/28/2019, 2:17:21 PM: **CommandProcessor is still not initialized
10/28/2019, 2:17:21 PM: **ManagedThread is still not initialized
10/28/2019, 2:17:21 PM: **RingStats is still not initialized
10/28/2019, 2:17:21 PM: **commands_file is still not initialized
10/28/2019, 2:17:21 PM: **Dir is still not initialized
10/28/2019, 2:17:21 PM: **PeriodicEvents is still not initialized
10/28/2019, 2:17:21 PM: PackageCommonRX.bpl: Registering systemx
10/28/2019, 2:17:21 PM: PackageCommonRX.bpl: Initialize systemx
10/28/2019, 2:17:21 PM: PackageCommonRX.bpl: Initialize ManagedThread
10/28/2019, 2:17:21 PM: TMAsterThreadPool@25159740: Master Thread Pool Created
10/28/2019, 2:17:21 PM: PackageCommonRX.bpl: Initialize DestructionQueue
10/28/2019, 2:17:21 PM: TThreadPoolBase@250FA728: Thread Creation time: 0
10/28/2019, 2:17:21 PM: PackageCommonRX.bpl: Initialize CommandProcessor
10/28/2019, 2:17:21 PM: PackageCommonRX.bpl: Initialize commands_system
10/28/2019, 2:17:21 PM: PackageCommonRX.bpl: Initialize RingStats
10/28/2019, 2:17:21 PM: TThreadPoolBase@250FA838: Thread Creation time: 0
10/28/2019, 2:17:21 PM: PackageCommonRX.bpl: Initialize commands_file
10/28/2019, 2:17:21 PM: TThreadPoolBase@250FA7B0: Thread Creation time: 0
10/28/2019, 2:17:21 PM: PackageCommonRX.bpl: Initialize Dir
10/28/2019, 2:17:21 PM: TThreadPoolBase@250FA7B0: Thread Creation time: 0
10/28/2019, 2:17:21 PM: PackageCommonRX.bpl: Initialize PeriodicEvents
10/28/2019, 2:17:21 PM: TThreadPoolBase@250FA8C0: Thread Creation time: 0
10/28/2019, 2:17:21 PM: TThreadPoolBase@250FA948: Thread Creation time: 1
10/28/2019, 2:17:21 PM: **unittest is still not initialized
10/28/2019, 2:17:21 PM: PackageCommonRX.bpl: Registering betterobjectregistry
10/28/2019, 2:17:21 PM: PackageCommonRX.bpl: Initialize betterobjectregistry
10/28/2019, 2:17:21 PM: TThreadPoolBase@250FA8C0: Thread Creation time: 0
10/28/2019, 2:17:21 PM: **unittest is still not initialized
10/28/2019, 2:17:21 PM: PackageCommonRX.bpl: Registering betterobject
10/28/2019, 2:17:21 PM: PackageCommonRX.bpl: Initialize betterobject
10/28/2019, 2:17:21 PM: PackageCommonRX.bpl: Initialize unittest
10/28/2019, 2:17:21 PM: TOrderlyInitializer@2518CEC0: OrderlyInit.INITIALIZED!************************
10/28/2019, 2:17:21 PM: PackageCommonRX.bpl: Registering exe
10/28/2019, 2:17:21 PM: PackageCommonRX.bpl: Initialize exe
10/28/2019, 2:17:21 PM: TThreadPoolBase@250FA7B0: Thread Creation time: 0
10/28/2019, 2:17:21 PM: TOrderlyInitializer@2518CEC0: OrderlyInit.INITIALIZED!************************
10/28/2019, 2:17:21 PM: PackageCommonRX.bpl: Registering fftw_interface
10/28/2019, 2:17:21 PM: PackageCommonRX.bpl: Initialize fftw_interface
10/28/2019, 2:17:21 PM: TOrderlyInitializer@2518CEC0: OrderlyInit.INITIALIZED!************************
10/28/2019, 2:17:21 PM: TThreadPoolBase@250FA8C0: Thread Creation time: 0
10/28/2019, 2:17:21 PM: PackageCommonRX.bpl: Registering EasyImage
10/28/2019, 2:17:21 PM: PackageCommonRX.bpl: Initialize EasyImage
10/28/2019, 2:17:21 PM: TOrderlyInitializer@2518CEC0: OrderlyInit.INITIALIZED!************************
10/28/2019, 2:17:21 PM: PackageCommonRX.bpl: Registering virtualdiskconstants
10/28/2019, 2:17:21 PM: PackageCommonRX.bpl: Initialize virtualdiskconstants
10/28/2019, 2:17:21 PM: TOrderlyInitializer@2518CEC0: OrderlyInit.INITIALIZED!************************
10/28/2019, 2:17:21 PM: PackageCommonRX.bpl: Registering raid
10/28/2019, 2:17:21 PM: PackageCommonRX.bpl: Initialize raid
10/28/2019, 2:17:21 PM: TOrderlyInitializer@2518CEC0: OrderlyInit.INITIALIZED!************************
10/28/2019, 2:17:21 PM: PackageCommonRX.bpl: Registering ConsoleLock
10/28/2019, 2:17:21 PM: PackageCommonRX.bpl: Initialize ConsoleLock
10/28/2019, 2:17:21 PM: TOrderlyInitializer@2518CEC0: OrderlyInit.INITIALIZED!************************
10/28/2019, 2:17:21 PM: PackageCommonRX.bpl: Registering Fiber
10/28/2019, 2:17:21 PM: PackageCommonRX.bpl: Initialize Fiber
10/28/2019, 2:17:21 PM: TOrderlyInitializer@2518CEC0: OrderlyInit.INITIALIZED!************************
10/28/2019, 2:17:21 PM: PackageCommonRX.bpl: Registering better_indy
10/28/2019, 2:17:21 PM: PackageCommonRX.bpl: Initialize better_indy
10/28/2019, 2:17:21 PM: TOrderlyInitializer@2518CEC0: OrderlyInit.INITIALIZED!************************
10/28/2019, 2:17:21 PM: PackageCommonRX.bpl: Registering SimpleReliableUDP
10/28/2019, 2:17:21 PM: PackageCommonRX.bpl: Initialize SimpleReliableUDP
10/28/2019, 2:17:21 PM: TOrderlyInitializer@2518CEC0: OrderlyInit.INITIALIZED!************************
10/28/2019, 2:17:21 PM: PackageCommonRX.bpl: Registering RUDPMonitor
10/28/2019, 2:17:21 PM: PackageCommonRX.bpl: Initialize RUDPMonitor
10/28/2019, 2:17:21 PM: TOrderlyInitializer@2518CEC0: OrderlyInit.INITIALIZED!************************
10/28/2019, 2:17:21 PM: PackageCommonRX.bpl: Registering ProgressForm
10/28/2019, 2:17:21 PM: PackageCommonRX.bpl: Initialize ProgressForm
10/28/2019, 2:17:21 PM: TOrderlyInitializer@2518CEC0: OrderlyInit.INITIALIZED!************************
10/30/2019, 9:33:23 AM: PackageCommonRX.bpl: Registering TickCount
10/30/2019, 9:33:23 AM: PackageCommonRX.bpl: Initialize TickCount
10/30/2019, 9:33:23 AM: TOrderlyInitializer@2768BD50: OrderlyInit.INITIALIZED!************************
10/30/2019, 9:33:23 AM: PackageCommonRX.bpl: Registering ApplicationParams
10/30/2019, 9:33:23 AM: PackageCommonRX.bpl: Initialize ApplicationParams
10/30/2019, 9:33:23 AM: TOrderlyInitializer@2768BD50: OrderlyInit.INITIALIZED!************************
10/30/2019, 9:33:23 AM: PackageCommonRX.bpl: Registering unittest
10/30/2019, 9:33:23 AM: PackageCommonRX.bpl: Deferring initialization of unittest which has dependencies: [betterobject]
10/30/2019, 9:33:23 AM: **unittest is still not initialized
10/30/2019, 9:33:23 AM: PackageCommonRX.bpl: Registering DestructionQueue
10/30/2019, 9:33:23 AM: PackageCommonRX.bpl: Deferring initialization of DestructionQueue which has dependencies: [backgroundthreads][managedthread]
10/30/2019, 9:33:23 AM: **unittest is still not initialized
10/30/2019, 9:33:23 AM: **DestructionQueue is still not initialized
10/30/2019, 9:33:23 AM: PackageCommonRX.bpl: Registering BackgroundThreads
10/30/2019, 9:33:23 AM: PackageCommonRX.bpl: Initialize BackgroundThreads
10/30/2019, 9:33:23 AM: **unittest is still not initialized
10/30/2019, 9:33:23 AM: **DestructionQueue is still not initialized
10/30/2019, 9:33:23 AM: PackageCommonRX.bpl: Registering commands_system
10/30/2019, 9:33:23 AM: PackageCommonRX.bpl: Deferring initialization of commands_system which has dependencies: [commandprocessor]
10/30/2019, 9:33:23 AM: **unittest is still not initialized
10/30/2019, 9:33:23 AM: **DestructionQueue is still not initialized
10/30/2019, 9:33:23 AM: **commands_system is still not initialized
10/30/2019, 9:33:23 AM: PackageCommonRX.bpl: Registering CommandProcessor
10/30/2019, 9:33:23 AM: PackageCommonRX.bpl: Deferring initialization of CommandProcessor which has dependencies: [managedthread]
10/30/2019, 9:33:23 AM: **unittest is still not initialized
10/30/2019, 9:33:23 AM: **DestructionQueue is still not initialized
10/30/2019, 9:33:23 AM: **commands_system is still not initialized
10/30/2019, 9:33:23 AM: **CommandProcessor is still not initialized
10/30/2019, 9:33:23 AM: PackageCommonRX.bpl: Registering ManagedThread
10/30/2019, 9:33:23 AM: PackageCommonRX.bpl: Deferring initialization of ManagedThread which has dependencies: [systemx][backgroundthreads]
10/30/2019, 9:33:23 AM: **unittest is still not initialized
10/30/2019, 9:33:23 AM: **DestructionQueue is still not initialized
10/30/2019, 9:33:23 AM: **commands_system is still not initialized
10/30/2019, 9:33:23 AM: **CommandProcessor is still not initialized
10/30/2019, 9:33:23 AM: **ManagedThread is still not initialized
10/30/2019, 9:33:23 AM: PackageCommonRX.bpl: Registering RingStats
10/30/2019, 9:33:23 AM: PackageCommonRX.bpl: Deferring initialization of RingStats which has dependencies: [managedthread]
10/30/2019, 9:33:23 AM: **unittest is still not initialized
10/30/2019, 9:33:23 AM: **DestructionQueue is still not initialized
10/30/2019, 9:33:23 AM: **commands_system is still not initialized
10/30/2019, 9:33:23 AM: **CommandProcessor is still not initialized
10/30/2019, 9:33:23 AM: **ManagedThread is still not initialized
10/30/2019, 9:33:23 AM: **RingStats is still not initialized
10/30/2019, 9:33:23 AM: PackageCommonRX.bpl: Registering commands_file
10/30/2019, 9:33:23 AM: PackageCommonRX.bpl: Deferring initialization of commands_file which has dependencies: [debug][managedthread]
10/30/2019, 9:33:23 AM: **unittest is still not initialized
10/30/2019, 9:33:23 AM: **DestructionQueue is still not initialized
10/30/2019, 9:33:23 AM: **commands_system is still not initialized
10/30/2019, 9:33:23 AM: **CommandProcessor is still not initialized
10/30/2019, 9:33:23 AM: **ManagedThread is still not initialized
10/30/2019, 9:33:23 AM: **RingStats is still not initialized
10/30/2019, 9:33:23 AM: **commands_file is still not initialized
10/30/2019, 9:33:23 AM: PackageCommonRX.bpl: Registering Dir
10/30/2019, 9:33:23 AM: PackageCommonRX.bpl: Deferring initialization of Dir which has dependencies: [managedthread]
10/30/2019, 9:33:23 AM: **unittest is still not initialized
10/30/2019, 9:33:23 AM: **DestructionQueue is still not initialized
10/30/2019, 9:33:23 AM: **commands_system is still not initialized
10/30/2019, 9:33:23 AM: **CommandProcessor is still not initialized
10/30/2019, 9:33:23 AM: **ManagedThread is still not initialized
10/30/2019, 9:33:23 AM: **RingStats is still not initialized
10/30/2019, 9:33:23 AM: **commands_file is still not initialized
10/30/2019, 9:33:23 AM: **Dir is still not initialized
10/30/2019, 9:33:23 AM: PackageCommonRX.bpl: Registering PeriodicEvents
10/30/2019, 9:33:23 AM: PackageCommonRX.bpl: Deferring initialization of PeriodicEvents which has dependencies: [managedthread][backgroundthreads]
10/30/2019, 9:33:23 AM: **unittest is still not initialized
10/30/2019, 9:33:23 AM: **DestructionQueue is still not initialized
10/30/2019, 9:33:23 AM: **commands_system is still not initialized
10/30/2019, 9:33:23 AM: **CommandProcessor is still not initialized
10/30/2019, 9:33:23 AM: **ManagedThread is still not initialized
10/30/2019, 9:33:23 AM: **RingStats is still not initialized
10/30/2019, 9:33:23 AM: **commands_file is still not initialized
10/30/2019, 9:33:23 AM: **Dir is still not initialized
10/30/2019, 9:33:23 AM: **PeriodicEvents is still not initialized
10/30/2019, 9:33:23 AM: PackageCommonRX.bpl: Registering SharedObject
10/30/2019, 9:33:23 AM: PackageCommonRX.bpl: Initialize SharedObject
10/30/2019, 9:33:23 AM: **unittest is still not initialized
10/30/2019, 9:33:23 AM: **DestructionQueue is still not initialized
10/30/2019, 9:33:23 AM: **commands_system is still not initialized
10/30/2019, 9:33:23 AM: **CommandProcessor is still not initialized
10/30/2019, 9:33:23 AM: **ManagedThread is still not initialized
10/30/2019, 9:33:23 AM: **RingStats is still not initialized
10/30/2019, 9:33:23 AM: **commands_file is still not initialized
10/30/2019, 9:33:23 AM: **Dir is still not initialized
10/30/2019, 9:33:23 AM: **PeriodicEvents is still not initialized
10/30/2019, 9:33:23 AM: PackageCommonRX.bpl: Registering Debug
10/30/2019, 9:33:23 AM: PackageCommonRX.bpl: Initialize Debug
10/30/2019, 9:33:23 AM: ***********************************************************************************
10/30/2019, 9:33:23 AM: ****                           APPLICATION STARTUP                             ****
10/30/2019, 9:33:23 AM: ***********************************************************************************
10/30/2019, 9:33:23 AM: **unittest is still not initialized
10/30/2019, 9:33:23 AM: **DestructionQueue is still not initialized
10/30/2019, 9:33:23 AM: **commands_system is still not initialized
10/30/2019, 9:33:23 AM: **CommandProcessor is still not initialized
10/30/2019, 9:33:23 AM: **ManagedThread is still not initialized
10/30/2019, 9:33:23 AM: **RingStats is still not initialized
10/30/2019, 9:33:23 AM: **commands_file is still not initialized
10/30/2019, 9:33:23 AM: **Dir is still not initialized
10/30/2019, 9:33:23 AM: **PeriodicEvents is still not initialized
10/30/2019, 9:33:23 AM: PackageCommonRX.bpl: Registering systemx
10/30/2019, 9:33:23 AM: PackageCommonRX.bpl: Initialize systemx
10/30/2019, 9:33:23 AM: PackageCommonRX.bpl: Initialize ManagedThread
10/30/2019, 9:33:23 AM: TMAsterThreadPool@27656FB0: Master Thread Pool Created
10/30/2019, 9:33:23 AM: PackageCommonRX.bpl: Initialize DestructionQueue
10/30/2019, 9:33:23 AM: TThreadPoolBase@29A6FCD8: Thread Creation time: 0
10/30/2019, 9:33:23 AM: PackageCommonRX.bpl: Initialize CommandProcessor
10/30/2019, 9:33:23 AM: PackageCommonRX.bpl: Initialize commands_system
10/30/2019, 9:33:23 AM: PackageCommonRX.bpl: Initialize RingStats
10/30/2019, 9:33:23 AM: TThreadPoolBase@29A70118: Thread Creation time: 0
10/30/2019, 9:33:23 AM: PackageCommonRX.bpl: Initialize commands_file
10/30/2019, 9:33:23 AM: TThreadPoolBase@29A71190: Thread Creation time: 0
10/30/2019, 9:33:23 AM: PackageCommonRX.bpl: Initialize Dir
10/30/2019, 9:33:23 AM: TThreadPoolBase@29A71190: Thread Creation time: 0
10/30/2019, 9:33:23 AM: PackageCommonRX.bpl: Initialize PeriodicEvents
10/30/2019, 9:33:23 AM: TThreadPoolBase@29A712A0: Thread Creation time: 0
10/30/2019, 9:33:23 AM: **unittest is still not initialized
10/30/2019, 9:33:23 AM: TThreadPoolBase@29A71328: Thread Creation time: 0
10/30/2019, 9:33:23 AM: PackageCommonRX.bpl: Registering betterobjectregistry
10/30/2019, 9:33:23 AM: PackageCommonRX.bpl: Initialize betterobjectregistry
10/30/2019, 9:33:23 AM: TThreadPoolBase@29A71328: Thread Creation time: 0
10/30/2019, 9:33:23 AM: **unittest is still not initialized
10/30/2019, 9:33:23 AM: PackageCommonRX.bpl: Registering betterobject
10/30/2019, 9:33:23 AM: PackageCommonRX.bpl: Initialize betterobject
10/30/2019, 9:33:23 AM: PackageCommonRX.bpl: Initialize unittest
10/30/2019, 9:33:23 AM: TOrderlyInitializer@2768BD50: OrderlyInit.INITIALIZED!************************
10/30/2019, 9:33:23 AM: PackageCommonRX.bpl: Registering exe
10/30/2019, 9:33:23 AM: PackageCommonRX.bpl: Initialize exe
10/30/2019, 9:33:23 AM: TThreadPoolBase@29A71190: Thread Creation time: 0
10/30/2019, 9:33:23 AM: TOrderlyInitializer@2768BD50: OrderlyInit.INITIALIZED!************************
10/30/2019, 9:33:23 AM: PackageCommonRX.bpl: Registering fftw_interface
10/30/2019, 9:33:23 AM: PackageCommonRX.bpl: Initialize fftw_interface
10/30/2019, 9:33:23 AM: TOrderlyInitializer@2768BD50: OrderlyInit.INITIALIZED!************************
10/30/2019, 9:33:23 AM: TThreadPoolBase@29A71328: Thread Creation time: 0
10/30/2019, 9:33:23 AM: PackageCommonRX.bpl: Registering EasyImage
10/30/2019, 9:33:23 AM: PackageCommonRX.bpl: Initialize EasyImage
10/30/2019, 9:33:23 AM: TOrderlyInitializer@2768BD50: OrderlyInit.INITIALIZED!************************
10/30/2019, 9:33:23 AM: PackageCommonRX.bpl: Registering virtualdiskconstants
10/30/2019, 9:33:23 AM: PackageCommonRX.bpl: Initialize virtualdiskconstants
10/30/2019, 9:33:23 AM: TOrderlyInitializer@2768BD50: OrderlyInit.INITIALIZED!************************
10/30/2019, 9:33:23 AM: PackageCommonRX.bpl: Registering raid
10/30/2019, 9:33:23 AM: PackageCommonRX.bpl: Initialize raid
10/30/2019, 9:33:23 AM: TOrderlyInitializer@2768BD50: OrderlyInit.INITIALIZED!************************
10/30/2019, 9:33:23 AM: PackageCommonRX.bpl: Registering ConsoleLock
10/30/2019, 9:33:23 AM: PackageCommonRX.bpl: Initialize ConsoleLock
10/30/2019, 9:33:23 AM: TOrderlyInitializer@2768BD50: OrderlyInit.INITIALIZED!************************
10/30/2019, 9:33:23 AM: PackageCommonRX.bpl: Registering Fiber
10/30/2019, 9:33:23 AM: PackageCommonRX.bpl: Initialize Fiber
10/30/2019, 9:33:23 AM: TOrderlyInitializer@2768BD50: OrderlyInit.INITIALIZED!************************
10/30/2019, 9:33:23 AM: PackageCommonRX.bpl: Registering better_indy
10/30/2019, 9:33:23 AM: PackageCommonRX.bpl: Initialize better_indy
10/30/2019, 9:33:23 AM: TOrderlyInitializer@2768BD50: OrderlyInit.INITIALIZED!************************
10/30/2019, 9:33:23 AM: PackageCommonRX.bpl: Registering SimpleReliableUDP
10/30/2019, 9:33:23 AM: PackageCommonRX.bpl: Initialize SimpleReliableUDP
10/30/2019, 9:33:23 AM: TOrderlyInitializer@2768BD50: OrderlyInit.INITIALIZED!************************
10/30/2019, 9:33:23 AM: PackageCommonRX.bpl: Registering RUDPMonitor
10/30/2019, 9:33:23 AM: PackageCommonRX.bpl: Initialize RUDPMonitor
10/30/2019, 9:33:23 AM: TOrderlyInitializer@2768BD50: OrderlyInit.INITIALIZED!************************
10/30/2019, 9:33:23 AM: PackageCommonRX.bpl: Registering ProgressForm
10/30/2019, 9:33:23 AM: PackageCommonRX.bpl: Initialize ProgressForm
10/30/2019, 9:33:23 AM: TOrderlyInitializer@2768BD50: OrderlyInit.INITIALIZED!************************
10/30/2019, 9:50:31 AM: PackageCommonRX.bpl: Registering TickCount
