9/17/2019, 9:43:16 AM: PackageCommonRX.bpl: Initialize TickCount
9/17/2019, 9:43:16 AM: TOrderlyInitializer@282164A0: OrderlyInit.INITIALIZED!************************
9/17/2019, 9:43:16 AM: PackageCommonRX.bpl: Registering ApplicationParams
9/17/2019, 9:43:16 AM: PackageCommonRX.bpl: Initialize ApplicationParams
9/17/2019, 9:43:16 AM: TOrderlyInitializer@282164A0: OrderlyInit.INITIALIZED!************************
9/17/2019, 9:43:16 AM: PackageCommonRX.bpl: Registering unittest
9/17/2019, 9:43:16 AM: PackageCommonRX.bpl: Deferring initialization of unittest which has dependencies: [betterobject]
9/17/2019, 9:43:16 AM: **unittest is still not initialized
9/17/2019, 9:43:16 AM: PackageCommonRX.bpl: Registering DestructionQueue
9/17/2019, 9:43:16 AM: PackageCommonRX.bpl: Deferring initialization of DestructionQueue which has dependencies: [backgroundthreads][managedthread]
9/17/2019, 9:43:16 AM: **unittest is still not initialized
9/17/2019, 9:43:16 AM: **DestructionQueue is still not initialized
9/17/2019, 9:43:16 AM: PackageCommonRX.bpl: Registering BackgroundThreads
9/17/2019, 9:43:16 AM: PackageCommonRX.bpl: Initialize BackgroundThreads
9/17/2019, 9:43:16 AM: **unittest is still not initialized
9/17/2019, 9:43:16 AM: **DestructionQueue is still not initialized
9/17/2019, 9:43:16 AM: PackageCommonRX.bpl: Registering commands_system
9/17/2019, 9:43:16 AM: PackageCommonRX.bpl: Deferring initialization of commands_system which has dependencies: [commandprocessor]
9/17/2019, 9:43:16 AM: **unittest is still not initialized
9/17/2019, 9:43:16 AM: **DestructionQueue is still not initialized
9/17/2019, 9:43:16 AM: **commands_system is still not initialized
9/17/2019, 9:43:16 AM: PackageCommonRX.bpl: Registering CommandProcessor
9/17/2019, 9:43:16 AM: PackageCommonRX.bpl: Deferring initialization of CommandProcessor which has dependencies: [managedthread]
9/17/2019, 9:43:16 AM: **unittest is still not initialized
9/17/2019, 9:43:16 AM: **DestructionQueue is still not initialized
9/17/2019, 9:43:16 AM: **commands_system is still not initialized
9/17/2019, 9:43:16 AM: **CommandProcessor is still not initialized
9/17/2019, 9:43:16 AM: PackageCommonRX.bpl: Registering ManagedThread
9/17/2019, 9:43:16 AM: PackageCommonRX.bpl: Deferring initialization of ManagedThread which has dependencies: [systemx][backgroundthreads]
9/17/2019, 9:43:16 AM: **unittest is still not initialized
9/17/2019, 9:43:16 AM: **DestructionQueue is still not initialized
9/17/2019, 9:43:16 AM: **commands_system is still not initialized
9/17/2019, 9:43:16 AM: **CommandProcessor is still not initialized
9/17/2019, 9:43:16 AM: **ManagedThread is still not initialized
9/17/2019, 9:43:16 AM: PackageCommonRX.bpl: Registering RingStats
9/17/2019, 9:43:16 AM: PackageCommonRX.bpl: Deferring initialization of RingStats which has dependencies: [managedthread]
9/17/2019, 9:43:16 AM: **unittest is still not initialized
9/17/2019, 9:43:16 AM: **DestructionQueue is still not initialized
9/17/2019, 9:43:16 AM: **commands_system is still not initialized
9/17/2019, 9:43:16 AM: **CommandProcessor is still not initialized
9/17/2019, 9:43:16 AM: **ManagedThread is still not initialized
9/17/2019, 9:43:16 AM: **RingStats is still not initialized
9/17/2019, 9:43:16 AM: PackageCommonRX.bpl: Registering commands_file
9/17/2019, 9:43:16 AM: PackageCommonRX.bpl: Deferring initialization of commands_file which has dependencies: [debug][managedthread]
9/17/2019, 9:43:16 AM: **unittest is still not initialized
9/17/2019, 9:43:16 AM: **DestructionQueue is still not initialized
9/17/2019, 9:43:16 AM: **commands_system is still not initialized
9/17/2019, 9:43:16 AM: **CommandProcessor is still not initialized
9/17/2019, 9:43:16 AM: **ManagedThread is still not initialized
9/17/2019, 9:43:16 AM: **RingStats is still not initialized
9/17/2019, 9:43:16 AM: **commands_file is still not initialized
9/17/2019, 9:43:16 AM: PackageCommonRX.bpl: Registering Dir
9/17/2019, 9:43:16 AM: PackageCommonRX.bpl: Deferring initialization of Dir which has dependencies: [managedthread]
9/17/2019, 9:43:16 AM: **unittest is still not initialized
9/17/2019, 9:43:16 AM: **DestructionQueue is still not initialized
9/17/2019, 9:43:16 AM: **commands_system is still not initialized
9/17/2019, 9:43:16 AM: **CommandProcessor is still not initialized
9/17/2019, 9:43:16 AM: **ManagedThread is still not initialized
9/17/2019, 9:43:16 AM: **RingStats is still not initialized
9/17/2019, 9:43:16 AM: **commands_file is still not initialized
9/17/2019, 9:43:16 AM: **Dir is still not initialized
9/17/2019, 9:43:16 AM: PackageCommonRX.bpl: Registering PeriodicEvents
9/17/2019, 9:43:16 AM: PackageCommonRX.bpl: Deferring initialization of PeriodicEvents which has dependencies: [managedthread][backgroundthreads]
9/17/2019, 9:43:16 AM: **unittest is still not initialized
9/17/2019, 9:43:16 AM: **DestructionQueue is still not initialized
9/17/2019, 9:43:16 AM: **commands_system is still not initialized
9/17/2019, 9:43:16 AM: **CommandProcessor is still not initialized
9/17/2019, 9:43:16 AM: **ManagedThread is still not initialized
9/17/2019, 9:43:16 AM: **RingStats is still not initialized
9/17/2019, 9:43:16 AM: **commands_file is still not initialized
9/17/2019, 9:43:16 AM: **Dir is still not initialized
9/17/2019, 9:43:16 AM: **PeriodicEvents is still not initialized
9/17/2019, 9:43:16 AM: PackageCommonRX.bpl: Registering SharedObject
9/17/2019, 9:43:16 AM: PackageCommonRX.bpl: Initialize SharedObject
9/17/2019, 9:43:16 AM: **unittest is still not initialized
9/17/2019, 9:43:16 AM: **DestructionQueue is still not initialized
9/17/2019, 9:43:16 AM: **commands_system is still not initialized
9/17/2019, 9:43:16 AM: **CommandProcessor is still not initialized
9/17/2019, 9:43:16 AM: **ManagedThread is still not initialized
9/17/2019, 9:43:16 AM: **RingStats is still not initialized
9/17/2019, 9:43:16 AM: **commands_file is still not initialized
9/17/2019, 9:43:16 AM: **Dir is still not initialized
9/17/2019, 9:43:16 AM: **PeriodicEvents is still not initialized
9/17/2019, 9:43:16 AM: PackageCommonRX.bpl: Registering Debug
9/17/2019, 9:43:16 AM: PackageCommonRX.bpl: Initialize Debug
9/17/2019, 9:43:16 AM: ***********************************************************************************
9/17/2019, 9:43:16 AM: ****                           APPLICATION STARTUP                             ****
9/17/2019, 9:43:16 AM: ***********************************************************************************
9/17/2019, 9:43:16 AM: **unittest is still not initialized
9/17/2019, 9:43:16 AM: **DestructionQueue is still not initialized
9/17/2019, 9:43:16 AM: **commands_system is still not initialized
9/17/2019, 9:43:16 AM: **CommandProcessor is still not initialized
9/17/2019, 9:43:16 AM: **ManagedThread is still not initialized
9/17/2019, 9:43:16 AM: **RingStats is still not initialized
9/17/2019, 9:43:16 AM: **commands_file is still not initialized
9/17/2019, 9:43:16 AM: **Dir is still not initialized
9/17/2019, 9:43:16 AM: **PeriodicEvents is still not initialized
9/17/2019, 9:43:16 AM: PackageCommonRX.bpl: Registering systemx
9/17/2019, 9:43:16 AM: PackageCommonRX.bpl: Initialize systemx
9/17/2019, 9:43:16 AM: PackageCommonRX.bpl: Initialize ManagedThread
9/17/2019, 9:43:16 AM: TMAsterThreadPool@281D3810: Master Thread Pool Created
9/17/2019, 9:43:16 AM: PackageCommonRX.bpl: Initialize DestructionQueue
9/17/2019, 9:43:16 AM: TThreadPoolBase@2E27D1C8: Thread Creation time: 0
9/17/2019, 9:43:16 AM: PackageCommonRX.bpl: Initialize CommandProcessor
9/17/2019, 9:43:16 AM: PackageCommonRX.bpl: Initialize commands_system
9/17/2019, 9:43:16 AM: PackageCommonRX.bpl: Initialize RingStats
9/17/2019, 9:43:16 AM: TThreadPoolBase@2E27D2D8: Thread Creation time: 0
9/17/2019, 9:43:16 AM: PackageCommonRX.bpl: Initialize commands_file
9/17/2019, 9:43:16 AM: TThreadPoolBase@2E27D250: Thread Creation time: 0
9/17/2019, 9:43:16 AM: PackageCommonRX.bpl: Initialize Dir
9/17/2019, 9:43:16 AM: TThreadPoolBase@2E27D250: Thread Creation time: 1
9/17/2019, 9:43:16 AM: PackageCommonRX.bpl: Initialize PeriodicEvents
9/17/2019, 9:43:16 AM: TThreadPoolBase@2E27D360: Thread Creation time: 0
9/17/2019, 9:43:16 AM: **unittest is still not initialized
9/17/2019, 9:43:16 AM: TThreadPoolBase@2E27D3E8: Thread Creation time: 0
9/17/2019, 9:43:16 AM: PackageCommonRX.bpl: Registering betterobjectregistry
9/17/2019, 9:43:16 AM: PackageCommonRX.bpl: Initialize betterobjectregistry
9/17/2019, 9:43:16 AM: **unittest is still not initialized
9/17/2019, 9:43:16 AM: TThreadPoolBase@2E27D3E8: Thread Creation time: 0
9/17/2019, 9:43:16 AM: PackageCommonRX.bpl: Registering betterobject
9/17/2019, 9:43:16 AM: PackageCommonRX.bpl: Initialize betterobject
9/17/2019, 9:43:16 AM: PackageCommonRX.bpl: Initialize unittest
9/17/2019, 9:43:16 AM: TOrderlyInitializer@282164A0: OrderlyInit.INITIALIZED!************************
9/17/2019, 9:43:16 AM: PackageCommonRX.bpl: Registering exe
9/17/2019, 9:43:16 AM: PackageCommonRX.bpl: Initialize exe
9/17/2019, 9:43:16 AM: TThreadPoolBase@2E27D250: Thread Creation time: 0
9/17/2019, 9:43:16 AM: TOrderlyInitializer@282164A0: OrderlyInit.INITIALIZED!************************
9/17/2019, 9:43:16 AM: PackageCommonRX.bpl: Registering fftw_interface
9/17/2019, 9:43:16 AM: PackageCommonRX.bpl: Initialize fftw_interface
9/17/2019, 9:43:16 AM: TOrderlyInitializer@282164A0: OrderlyInit.INITIALIZED!************************
9/17/2019, 9:43:16 AM: TThreadPoolBase@2E27D3E8: Thread Creation time: 0
9/17/2019, 9:43:16 AM: PackageCommonRX.bpl: Registering EasyImage
9/17/2019, 9:43:16 AM: PackageCommonRX.bpl: Initialize EasyImage
9/17/2019, 9:43:16 AM: TOrderlyInitializer@282164A0: OrderlyInit.INITIALIZED!************************
9/17/2019, 9:43:16 AM: PackageCommonRX.bpl: Registering virtualdiskconstants
9/17/2019, 9:43:16 AM: PackageCommonRX.bpl: Initialize virtualdiskconstants
9/17/2019, 9:43:16 AM: TOrderlyInitializer@282164A0: OrderlyInit.INITIALIZED!************************
9/17/2019, 9:43:16 AM: PackageCommonRX.bpl: Registering raid
9/17/2019, 9:43:16 AM: PackageCommonRX.bpl: Initialize raid
9/17/2019, 9:43:16 AM: TOrderlyInitializer@282164A0: OrderlyInit.INITIALIZED!************************
9/17/2019, 9:43:16 AM: PackageCommonRX.bpl: Registering ConsoleLock
9/17/2019, 9:43:16 AM: PackageCommonRX.bpl: Initialize ConsoleLock
9/17/2019, 9:43:16 AM: TOrderlyInitializer@282164A0: OrderlyInit.INITIALIZED!************************
9/17/2019, 9:43:16 AM: PackageCommonRX.bpl: Registering Fiber
9/17/2019, 9:43:16 AM: PackageCommonRX.bpl: Initialize Fiber
9/17/2019, 9:43:16 AM: TOrderlyInitializer@282164A0: OrderlyInit.INITIALIZED!************************
9/17/2019, 9:43:16 AM: PackageCommonRX.bpl: Registering better_indy
9/17/2019, 9:43:16 AM: PackageCommonRX.bpl: Initialize better_indy
9/17/2019, 9:43:16 AM: TOrderlyInitializer@282164A0: OrderlyInit.INITIALIZED!************************
9/17/2019, 9:43:16 AM: PackageCommonRX.bpl: Registering SimpleReliableUDP
9/17/2019, 9:43:16 AM: PackageCommonRX.bpl: Initialize SimpleReliableUDP
9/17/2019, 9:43:16 AM: TOrderlyInitializer@282164A0: OrderlyInit.INITIALIZED!************************
9/17/2019, 9:43:16 AM: PackageCommonRX.bpl: Registering RUDPMonitor
9/17/2019, 9:43:16 AM: PackageCommonRX.bpl: Initialize RUDPMonitor
9/17/2019, 9:43:16 AM: TOrderlyInitializer@282164A0: OrderlyInit.INITIALIZED!************************
9/17/2019, 9:43:16 AM: PackageCommonRX.bpl: Registering ProgressForm
9/17/2019, 9:43:16 AM: PackageCommonRX.bpl: Initialize ProgressForm
9/17/2019, 9:43:16 AM: TOrderlyInitializer@282164A0: OrderlyInit.INITIALIZED!************************
9/18/2019, 4:14:25 PM: PackageCommonRX.bpl: Registering TickCount
