8/10/2019, 9:00:00 AM: PackageCommonRX.bpl: Initialize TickCount
8/10/2019, 9:00:00 AM: TOrderlyInitializer@26DA41F0: OrderlyInit.INITIALIZED!************************
8/10/2019, 9:00:00 AM: PackageCommonRX.bpl: Registering ApplicationParams
8/10/2019, 9:00:00 AM: PackageCommonRX.bpl: Initialize ApplicationParams
8/10/2019, 9:00:00 AM: TOrderlyInitializer@26DA41F0: OrderlyInit.INITIALIZED!************************
8/10/2019, 9:00:00 AM: PackageCommonRX.bpl: Registering unittest
8/10/2019, 9:00:00 AM: PackageCommonRX.bpl: Deferring initialization of unittest which has dependencies: [betterobject]
8/10/2019, 9:00:00 AM: **unittest is still not initialized
8/10/2019, 9:00:00 AM: PackageCommonRX.bpl: Registering DestructionQueue
8/10/2019, 9:00:00 AM: PackageCommonRX.bpl: Deferring initialization of DestructionQueue which has dependencies: [backgroundthreads][managedthread]
8/10/2019, 9:00:00 AM: **unittest is still not initialized
8/10/2019, 9:00:00 AM: **DestructionQueue is still not initialized
8/10/2019, 9:00:00 AM: PackageCommonRX.bpl: Registering BackgroundThreads
8/10/2019, 9:00:00 AM: PackageCommonRX.bpl: Initialize BackgroundThreads
8/10/2019, 9:00:00 AM: **unittest is still not initialized
8/10/2019, 9:00:00 AM: **DestructionQueue is still not initialized
8/10/2019, 9:00:00 AM: PackageCommonRX.bpl: Registering commands_system
8/10/2019, 9:00:00 AM: PackageCommonRX.bpl: Deferring initialization of commands_system which has dependencies: [commandprocessor]
8/10/2019, 9:00:00 AM: **unittest is still not initialized
8/10/2019, 9:00:00 AM: **DestructionQueue is still not initialized
8/10/2019, 9:00:00 AM: **commands_system is still not initialized
8/10/2019, 9:00:00 AM: PackageCommonRX.bpl: Registering CommandProcessor
8/10/2019, 9:00:00 AM: PackageCommonRX.bpl: Deferring initialization of CommandProcessor which has dependencies: [managedthread]
8/10/2019, 9:00:00 AM: **unittest is still not initialized
8/10/2019, 9:00:00 AM: **DestructionQueue is still not initialized
8/10/2019, 9:00:00 AM: **commands_system is still not initialized
8/10/2019, 9:00:00 AM: **CommandProcessor is still not initialized
8/10/2019, 9:00:00 AM: PackageCommonRX.bpl: Registering ManagedThread
8/10/2019, 9:00:00 AM: PackageCommonRX.bpl: Deferring initialization of ManagedThread which has dependencies: [systemx][backgroundthreads]
8/10/2019, 9:00:00 AM: **unittest is still not initialized
8/10/2019, 9:00:00 AM: **DestructionQueue is still not initialized
8/10/2019, 9:00:00 AM: **commands_system is still not initialized
8/10/2019, 9:00:00 AM: **CommandProcessor is still not initialized
8/10/2019, 9:00:00 AM: **ManagedThread is still not initialized
8/10/2019, 9:00:00 AM: PackageCommonRX.bpl: Registering RingStats
8/10/2019, 9:00:00 AM: PackageCommonRX.bpl: Deferring initialization of RingStats which has dependencies: [managedthread]
8/10/2019, 9:00:00 AM: **unittest is still not initialized
8/10/2019, 9:00:00 AM: **DestructionQueue is still not initialized
8/10/2019, 9:00:00 AM: **commands_system is still not initialized
8/10/2019, 9:00:00 AM: **CommandProcessor is still not initialized
8/10/2019, 9:00:00 AM: **ManagedThread is still not initialized
8/10/2019, 9:00:00 AM: **RingStats is still not initialized
8/10/2019, 9:00:00 AM: PackageCommonRX.bpl: Registering commands_file
8/10/2019, 9:00:00 AM: PackageCommonRX.bpl: Deferring initialization of commands_file which has dependencies: [debug][managedthread]
8/10/2019, 9:00:00 AM: **unittest is still not initialized
8/10/2019, 9:00:00 AM: **DestructionQueue is still not initialized
8/10/2019, 9:00:00 AM: **commands_system is still not initialized
8/10/2019, 9:00:00 AM: **CommandProcessor is still not initialized
8/10/2019, 9:00:00 AM: **ManagedThread is still not initialized
8/10/2019, 9:00:00 AM: **RingStats is still not initialized
8/10/2019, 9:00:00 AM: **commands_file is still not initialized
8/10/2019, 9:00:00 AM: PackageCommonRX.bpl: Registering Dir
8/10/2019, 9:00:00 AM: PackageCommonRX.bpl: Deferring initialization of Dir which has dependencies: [managedthread]
8/10/2019, 9:00:00 AM: **unittest is still not initialized
8/10/2019, 9:00:00 AM: **DestructionQueue is still not initialized
8/10/2019, 9:00:00 AM: **commands_system is still not initialized
8/10/2019, 9:00:00 AM: **CommandProcessor is still not initialized
8/10/2019, 9:00:00 AM: **ManagedThread is still not initialized
8/10/2019, 9:00:00 AM: **RingStats is still not initialized
8/10/2019, 9:00:00 AM: **commands_file is still not initialized
8/10/2019, 9:00:00 AM: **Dir is still not initialized
8/10/2019, 9:00:00 AM: PackageCommonRX.bpl: Registering PeriodicEvents
8/10/2019, 9:00:00 AM: PackageCommonRX.bpl: Deferring initialization of PeriodicEvents which has dependencies: [managedthread][backgroundthreads]
8/10/2019, 9:00:00 AM: **unittest is still not initialized
8/10/2019, 9:00:00 AM: **DestructionQueue is still not initialized
8/10/2019, 9:00:00 AM: **commands_system is still not initialized
8/10/2019, 9:00:00 AM: **CommandProcessor is still not initialized
8/10/2019, 9:00:00 AM: **ManagedThread is still not initialized
8/10/2019, 9:00:00 AM: **RingStats is still not initialized
8/10/2019, 9:00:00 AM: **commands_file is still not initialized
8/10/2019, 9:00:00 AM: **Dir is still not initialized
8/10/2019, 9:00:00 AM: **PeriodicEvents is still not initialized
8/10/2019, 9:00:00 AM: PackageCommonRX.bpl: Registering SharedObject
8/10/2019, 9:00:00 AM: PackageCommonRX.bpl: Initialize SharedObject
8/10/2019, 9:00:00 AM: **unittest is still not initialized
8/10/2019, 9:00:00 AM: **DestructionQueue is still not initialized
8/10/2019, 9:00:00 AM: **commands_system is still not initialized
8/10/2019, 9:00:00 AM: **CommandProcessor is still not initialized
8/10/2019, 9:00:00 AM: **ManagedThread is still not initialized
8/10/2019, 9:00:00 AM: **RingStats is still not initialized
8/10/2019, 9:00:00 AM: **commands_file is still not initialized
8/10/2019, 9:00:00 AM: **Dir is still not initialized
8/10/2019, 9:00:00 AM: **PeriodicEvents is still not initialized
8/10/2019, 9:00:00 AM: PackageCommonRX.bpl: Registering Debug
8/10/2019, 9:00:00 AM: PackageCommonRX.bpl: Initialize Debug
8/10/2019, 9:00:00 AM: ***********************************************************************************
8/10/2019, 9:00:00 AM: ****                           APPLICATION STARTUP                             ****
8/10/2019, 9:00:00 AM: ***********************************************************************************
8/10/2019, 9:00:00 AM: **unittest is still not initialized
8/10/2019, 9:00:00 AM: **DestructionQueue is still not initialized
8/10/2019, 9:00:00 AM: **commands_system is still not initialized
8/10/2019, 9:00:00 AM: **CommandProcessor is still not initialized
8/10/2019, 9:00:00 AM: **ManagedThread is still not initialized
8/10/2019, 9:00:00 AM: **RingStats is still not initialized
8/10/2019, 9:00:00 AM: **commands_file is still not initialized
8/10/2019, 9:00:00 AM: **Dir is still not initialized
8/10/2019, 9:00:00 AM: **PeriodicEvents is still not initialized
8/10/2019, 9:00:00 AM: PackageCommonRX.bpl: Registering systemx
8/10/2019, 9:00:00 AM: PackageCommonRX.bpl: Initialize systemx
8/10/2019, 9:00:00 AM: PackageCommonRX.bpl: Initialize ManagedThread
8/10/2019, 9:00:00 AM: TMAsterThreadPool@26D82520: Master Thread Pool Created
8/10/2019, 9:00:00 AM: PackageCommonRX.bpl: Initialize DestructionQueue
8/10/2019, 9:00:00 AM: TThreadPoolBase@2D5D6900: Thread Creation time: 1
8/10/2019, 9:00:00 AM: PackageCommonRX.bpl: Initialize CommandProcessor
8/10/2019, 9:00:00 AM: PackageCommonRX.bpl: Initialize commands_system
8/10/2019, 9:00:00 AM: PackageCommonRX.bpl: Initialize RingStats
8/10/2019, 9:00:00 AM: TThreadPoolBase@2D5D6438: Thread Creation time: 0
8/10/2019, 9:00:00 AM: PackageCommonRX.bpl: Initialize commands_file
8/10/2019, 9:00:00 AM: TThreadPoolBase@2D5D9F30: Thread Creation time: 0
8/10/2019, 9:00:00 AM: PackageCommonRX.bpl: Initialize Dir
8/10/2019, 9:00:00 AM: TThreadPoolBase@2D5D9F30: Thread Creation time: 0
8/10/2019, 9:00:00 AM: PackageCommonRX.bpl: Initialize PeriodicEvents
8/10/2019, 9:00:00 AM: TThreadPoolBase@2D5D5FF8: Thread Creation time: 0
8/10/2019, 9:00:00 AM: TThreadPoolBase@2D5D5FF8: Thread Creation time: 0
8/10/2019, 9:00:00 AM: TThreadPoolBase@2D5D6080: Thread Creation time: 0
8/10/2019, 9:00:00 AM: **unittest is still not initialized
8/10/2019, 9:00:00 AM: PackageCommonRX.bpl: Registering betterobjectregistry
8/10/2019, 9:00:00 AM: PackageCommonRX.bpl: Initialize betterobjectregistry
8/10/2019, 9:00:00 AM: **unittest is still not initialized
8/10/2019, 9:00:00 AM: PackageCommonRX.bpl: Registering betterobject
8/10/2019, 9:00:00 AM: PackageCommonRX.bpl: Initialize betterobject
8/10/2019, 9:00:00 AM: PackageCommonRX.bpl: Initialize unittest
8/10/2019, 9:00:00 AM: TOrderlyInitializer@26DA41F0: OrderlyInit.INITIALIZED!************************
8/10/2019, 9:00:00 AM: PackageCommonRX.bpl: Registering exe
8/10/2019, 9:00:00 AM: PackageCommonRX.bpl: Initialize exe
8/10/2019, 9:00:00 AM: TThreadPoolBase@2D5D9F30: Thread Creation time: 0
8/10/2019, 9:00:00 AM: TOrderlyInitializer@26DA41F0: OrderlyInit.INITIALIZED!************************
8/10/2019, 9:00:00 AM: PackageCommonRX.bpl: Registering fftw_interface
8/10/2019, 9:00:00 AM: PackageCommonRX.bpl: Initialize fftw_interface
8/10/2019, 9:00:00 AM: TOrderlyInitializer@26DA41F0: OrderlyInit.INITIALIZED!************************
8/10/2019, 9:00:00 AM: TThreadPoolBase@2D5D5FF8: Thread Creation time: 0
8/10/2019, 9:00:00 AM: PackageCommonRX.bpl: Registering EasyImage
8/10/2019, 9:00:00 AM: PackageCommonRX.bpl: Initialize EasyImage
8/10/2019, 9:00:00 AM: TOrderlyInitializer@26DA41F0: OrderlyInit.INITIALIZED!************************
8/10/2019, 9:00:00 AM: PackageCommonRX.bpl: Registering virtualdiskconstants
8/10/2019, 9:00:00 AM: PackageCommonRX.bpl: Initialize virtualdiskconstants
8/10/2019, 9:00:00 AM: TOrderlyInitializer@26DA41F0: OrderlyInit.INITIALIZED!************************
8/10/2019, 9:00:00 AM: PackageCommonRX.bpl: Registering raid
8/10/2019, 9:00:00 AM: PackageCommonRX.bpl: Initialize raid
8/10/2019, 9:00:00 AM: TOrderlyInitializer@26DA41F0: OrderlyInit.INITIALIZED!************************
8/10/2019, 9:00:00 AM: PackageCommonRX.bpl: Registering ConsoleLock
8/10/2019, 9:00:00 AM: PackageCommonRX.bpl: Initialize ConsoleLock
8/10/2019, 9:00:00 AM: TOrderlyInitializer@26DA41F0: OrderlyInit.INITIALIZED!************************
8/10/2019, 9:00:00 AM: PackageCommonRX.bpl: Registering Fiber
8/10/2019, 9:00:00 AM: PackageCommonRX.bpl: Initialize Fiber
8/10/2019, 9:00:00 AM: TOrderlyInitializer@26DA41F0: OrderlyInit.INITIALIZED!************************
8/10/2019, 9:00:00 AM: PackageCommonRX.bpl: Registering better_indy
8/10/2019, 9:00:00 AM: PackageCommonRX.bpl: Initialize better_indy
8/10/2019, 9:00:00 AM: TOrderlyInitializer@26DA41F0: OrderlyInit.INITIALIZED!************************
8/10/2019, 9:00:00 AM: PackageCommonRX.bpl: Registering SimpleReliableUDP
8/10/2019, 9:00:00 AM: PackageCommonRX.bpl: Initialize SimpleReliableUDP
8/10/2019, 9:00:00 AM: TOrderlyInitializer@26DA41F0: OrderlyInit.INITIALIZED!************************
8/10/2019, 9:00:00 AM: PackageCommonRX.bpl: Registering RUDPMonitor
8/10/2019, 9:00:00 AM: PackageCommonRX.bpl: Initialize RUDPMonitor
8/10/2019, 9:00:00 AM: TOrderlyInitializer@26DA41F0: OrderlyInit.INITIALIZED!************************
8/10/2019, 9:00:00 AM: PackageCommonRX.bpl: Registering ProgressForm
8/10/2019, 9:00:00 AM: PackageCommonRX.bpl: Initialize ProgressForm
8/10/2019, 9:00:00 AM: TOrderlyInitializer@26DA41F0: OrderlyInit.INITIALIZED!************************
8/23/2019, 9:24:10 PM: PackageCommonRX.bpl: Registering TickCount
8/23/2019, 9:24:10 PM: PackageCommonRX.bpl: Initialize TickCount
8/23/2019, 9:24:10 PM: TOrderlyInitializer@2861A4F0: OrderlyInit.INITIALIZED!************************
8/23/2019, 9:24:10 PM: PackageCommonRX.bpl: Registering ApplicationParams
8/23/2019, 9:24:10 PM: PackageCommonRX.bpl: Initialize ApplicationParams
8/23/2019, 9:24:10 PM: TOrderlyInitializer@2861A4F0: OrderlyInit.INITIALIZED!************************
8/23/2019, 9:24:10 PM: PackageCommonRX.bpl: Registering unittest
8/23/2019, 9:24:10 PM: PackageCommonRX.bpl: Deferring initialization of unittest which has dependencies: [betterobject]
8/23/2019, 9:24:10 PM: **unittest is still not initialized
8/23/2019, 9:24:10 PM: PackageCommonRX.bpl: Registering DestructionQueue
8/23/2019, 9:24:10 PM: PackageCommonRX.bpl: Deferring initialization of DestructionQueue which has dependencies: [backgroundthreads][managedthread]
8/23/2019, 9:24:10 PM: **unittest is still not initialized
8/23/2019, 9:24:10 PM: **DestructionQueue is still not initialized
8/23/2019, 9:24:10 PM: PackageCommonRX.bpl: Registering BackgroundThreads
8/23/2019, 9:24:10 PM: PackageCommonRX.bpl: Initialize BackgroundThreads
8/23/2019, 9:24:10 PM: **unittest is still not initialized
8/23/2019, 9:24:10 PM: **DestructionQueue is still not initialized
8/23/2019, 9:24:10 PM: PackageCommonRX.bpl: Registering commands_system
8/23/2019, 9:24:10 PM: PackageCommonRX.bpl: Deferring initialization of commands_system which has dependencies: [commandprocessor]
8/23/2019, 9:24:10 PM: **unittest is still not initialized
8/23/2019, 9:24:10 PM: **DestructionQueue is still not initialized
8/23/2019, 9:24:10 PM: **commands_system is still not initialized
8/23/2019, 9:24:10 PM: PackageCommonRX.bpl: Registering CommandProcessor
8/23/2019, 9:24:10 PM: PackageCommonRX.bpl: Deferring initialization of CommandProcessor which has dependencies: [managedthread]
8/23/2019, 9:24:10 PM: **unittest is still not initialized
8/23/2019, 9:24:10 PM: **DestructionQueue is still not initialized
8/23/2019, 9:24:10 PM: **commands_system is still not initialized
8/23/2019, 9:24:10 PM: **CommandProcessor is still not initialized
8/23/2019, 9:24:10 PM: PackageCommonRX.bpl: Registering ManagedThread
8/23/2019, 9:24:10 PM: PackageCommonRX.bpl: Deferring initialization of ManagedThread which has dependencies: [systemx][backgroundthreads]
8/23/2019, 9:24:10 PM: **unittest is still not initialized
8/23/2019, 9:24:10 PM: **DestructionQueue is still not initialized
8/23/2019, 9:24:10 PM: **commands_system is still not initialized
8/23/2019, 9:24:10 PM: **CommandProcessor is still not initialized
8/23/2019, 9:24:10 PM: **ManagedThread is still not initialized
8/23/2019, 9:24:10 PM: PackageCommonRX.bpl: Registering RingStats
8/23/2019, 9:24:10 PM: PackageCommonRX.bpl: Deferring initialization of RingStats which has dependencies: [managedthread]
8/23/2019, 9:24:10 PM: **unittest is still not initialized
8/23/2019, 9:24:10 PM: **DestructionQueue is still not initialized
8/23/2019, 9:24:10 PM: **commands_system is still not initialized
8/23/2019, 9:24:10 PM: **CommandProcessor is still not initialized
8/23/2019, 9:24:10 PM: **ManagedThread is still not initialized
8/23/2019, 9:24:10 PM: **RingStats is still not initialized
8/23/2019, 9:24:10 PM: PackageCommonRX.bpl: Registering commands_file
8/23/2019, 9:24:10 PM: PackageCommonRX.bpl: Deferring initialization of commands_file which has dependencies: [debug][managedthread]
8/23/2019, 9:24:10 PM: **unittest is still not initialized
8/23/2019, 9:24:10 PM: **DestructionQueue is still not initialized
8/23/2019, 9:24:10 PM: **commands_system is still not initialized
8/23/2019, 9:24:10 PM: **CommandProcessor is still not initialized
8/23/2019, 9:24:10 PM: **ManagedThread is still not initialized
8/23/2019, 9:24:10 PM: **RingStats is still not initialized
8/23/2019, 9:24:10 PM: **commands_file is still not initialized
8/23/2019, 9:24:10 PM: PackageCommonRX.bpl: Registering Dir
8/23/2019, 9:24:10 PM: PackageCommonRX.bpl: Deferring initialization of Dir which has dependencies: [managedthread]
8/23/2019, 9:24:10 PM: **unittest is still not initialized
8/23/2019, 9:24:10 PM: **DestructionQueue is still not initialized
8/23/2019, 9:24:10 PM: **commands_system is still not initialized
8/23/2019, 9:24:10 PM: **CommandProcessor is still not initialized
8/23/2019, 9:24:10 PM: **ManagedThread is still not initialized
8/23/2019, 9:24:10 PM: **RingStats is still not initialized
8/23/2019, 9:24:10 PM: **commands_file is still not initialized
8/23/2019, 9:24:10 PM: **Dir is still not initialized
8/23/2019, 9:24:10 PM: PackageCommonRX.bpl: Registering PeriodicEvents
8/23/2019, 9:24:10 PM: PackageCommonRX.bpl: Deferring initialization of PeriodicEvents which has dependencies: [managedthread][backgroundthreads]
8/23/2019, 9:24:10 PM: **unittest is still not initialized
8/23/2019, 9:24:10 PM: **DestructionQueue is still not initialized
8/23/2019, 9:24:10 PM: **commands_system is still not initialized
8/23/2019, 9:24:10 PM: **CommandProcessor is still not initialized
8/23/2019, 9:24:10 PM: **ManagedThread is still not initialized
8/23/2019, 9:24:10 PM: **RingStats is still not initialized
8/23/2019, 9:24:10 PM: **commands_file is still not initialized
8/23/2019, 9:24:10 PM: **Dir is still not initialized
8/23/2019, 9:24:10 PM: **PeriodicEvents is still not initialized
8/23/2019, 9:24:10 PM: PackageCommonRX.bpl: Registering SharedObject
8/23/2019, 9:24:10 PM: PackageCommonRX.bpl: Initialize SharedObject
8/23/2019, 9:24:10 PM: **unittest is still not initialized
8/23/2019, 9:24:10 PM: **DestructionQueue is still not initialized
8/23/2019, 9:24:10 PM: **commands_system is still not initialized
8/23/2019, 9:24:10 PM: **CommandProcessor is still not initialized
8/23/2019, 9:24:10 PM: **ManagedThread is still not initialized
8/23/2019, 9:24:10 PM: **RingStats is still not initialized
8/23/2019, 9:24:10 PM: **commands_file is still not initialized
8/23/2019, 9:24:10 PM: **Dir is still not initialized
8/23/2019, 9:24:10 PM: **PeriodicEvents is still not initialized
8/23/2019, 9:24:10 PM: PackageCommonRX.bpl: Registering Debug
8/23/2019, 9:24:10 PM: PackageCommonRX.bpl: Initialize Debug
8/23/2019, 9:24:10 PM: ***********************************************************************************
8/23/2019, 9:24:10 PM: ****                           APPLICATION STARTUP                             ****
8/23/2019, 9:24:10 PM: ***********************************************************************************
8/23/2019, 9:24:10 PM: **unittest is still not initialized
8/23/2019, 9:24:10 PM: **DestructionQueue is still not initialized
8/23/2019, 9:24:10 PM: **commands_system is still not initialized
8/23/2019, 9:24:10 PM: **CommandProcessor is still not initialized
8/23/2019, 9:24:10 PM: **ManagedThread is still not initialized
8/23/2019, 9:24:10 PM: **RingStats is still not initialized
8/23/2019, 9:24:10 PM: **commands_file is still not initialized
8/23/2019, 9:24:10 PM: **Dir is still not initialized
8/23/2019, 9:24:10 PM: **PeriodicEvents is still not initialized
8/23/2019, 9:24:10 PM: PackageCommonRX.bpl: Registering systemx
8/23/2019, 9:24:10 PM: PackageCommonRX.bpl: Initialize systemx
8/23/2019, 9:24:10 PM: PackageCommonRX.bpl: Initialize ManagedThread
8/23/2019, 9:24:10 PM: TMAsterThreadPool@285FA7C0: Master Thread Pool Created
8/23/2019, 9:24:10 PM: PackageCommonRX.bpl: Initialize DestructionQueue
8/23/2019, 9:24:10 PM: TThreadPoolBase@267B2CE0: Thread Creation time: 0
8/23/2019, 9:24:10 PM: PackageCommonRX.bpl: Initialize CommandProcessor
8/23/2019, 9:24:10 PM: PackageCommonRX.bpl: Initialize commands_system
8/23/2019, 9:24:10 PM: PackageCommonRX.bpl: Initialize RingStats
8/23/2019, 9:24:10 PM: TThreadPoolBase@267B2DF0: Thread Creation time: 0
8/23/2019, 9:24:10 PM: PackageCommonRX.bpl: Initialize commands_file
8/23/2019, 9:24:10 PM: TThreadPoolBase@267B2D68: Thread Creation time: 0
8/23/2019, 9:24:10 PM: PackageCommonRX.bpl: Initialize Dir
8/23/2019, 9:24:10 PM: TThreadPoolBase@267B2D68: Thread Creation time: 0
8/23/2019, 9:24:10 PM: PackageCommonRX.bpl: Initialize PeriodicEvents
8/23/2019, 9:24:10 PM: TThreadPoolBase@267B2E78: Thread Creation time: 0
8/23/2019, 9:24:10 PM: **unittest is still not initialized
8/23/2019, 9:24:10 PM: PackageCommonRX.bpl: Registering betterobjectregistry
8/23/2019, 9:24:10 PM: TThreadPoolBase@267B2F00: Thread Creation time: 0
8/23/2019, 9:24:10 PM: PackageCommonRX.bpl: Initialize betterobjectregistry
8/23/2019, 9:24:10 PM: **unittest is still not initialized
8/23/2019, 9:24:10 PM: TThreadPoolBase@267B2F00: Thread Creation time: 0
8/23/2019, 9:24:10 PM: PackageCommonRX.bpl: Registering betterobject
8/23/2019, 9:24:10 PM: PackageCommonRX.bpl: Initialize betterobject
8/23/2019, 9:24:10 PM: PackageCommonRX.bpl: Initialize unittest
8/23/2019, 9:24:10 PM: TOrderlyInitializer@2861A4F0: OrderlyInit.INITIALIZED!************************
8/23/2019, 9:24:10 PM: PackageCommonRX.bpl: Registering exe
8/23/2019, 9:24:10 PM: PackageCommonRX.bpl: Initialize exe
8/23/2019, 9:24:10 PM: TThreadPoolBase@267B2D68: Thread Creation time: 0
8/23/2019, 9:24:10 PM: TOrderlyInitializer@2861A4F0: OrderlyInit.INITIALIZED!************************
8/23/2019, 9:24:10 PM: PackageCommonRX.bpl: Registering fftw_interface
8/23/2019, 9:24:10 PM: PackageCommonRX.bpl: Initialize fftw_interface
8/23/2019, 9:24:10 PM: TOrderlyInitializer@2861A4F0: OrderlyInit.INITIALIZED!************************
8/23/2019, 9:24:10 PM: TThreadPoolBase@267B2F00: Thread Creation time: 0
8/23/2019, 9:24:10 PM: PackageCommonRX.bpl: Registering EasyImage
8/23/2019, 9:24:10 PM: PackageCommonRX.bpl: Initialize EasyImage
8/23/2019, 9:24:10 PM: TOrderlyInitializer@2861A4F0: OrderlyInit.INITIALIZED!************************
8/23/2019, 9:31:14 PM: PackageCommonRX.bpl: PreFinalize RingStats
8/23/2019, 9:31:14 PM: Starting Ring Stat Monitor by SOMEONE.
8/23/2019, 9:31:14 PM: PackageCommonRX.bpl: PreFinalize - Done RingStats
8/23/2019, 9:31:14 PM: PackageCommonRX.bpl: PreFinalize Debug
8/23/2019, 9:31:14 PM: PackageCommonRX.bpl: PreFinalize - Done Debug
8/23/2019, 9:31:14 PM: PackageCommonRX.bpl: Finalize EasyImage
8/23/2019, 9:31:14 PM: PackageCommonRX.bpl: Finalize fftw_interface
8/23/2019, 9:31:14 PM: PackageCommonRX.bpl: Finalize exe
8/23/2019, 9:31:14 PM: TCommandProcessor@1B953680: TCommandProcessor--0 commands to cancel.
8/23/2019, 9:31:14 PM: TCommandProcessor@1B953680: TCommandProcessor-- Commands are cleared.
8/23/2019, 9:31:14 PM: TCommandProcessor@1B953680: Destroying TCommandProcessor--
8/23/2019, 9:31:14 PM: TCommandProcessor@1B953680: TCommandProcessor-- Finalizing
8/23/2019, 9:31:14 PM: TCommandProcessor@1B953680: TCommandProcessor--0 commands to cancel.
8/23/2019, 9:31:14 PM: TThreadPoolBase@035658F8: Thread Creation time: 1
8/23/2019, 9:31:14 PM: PackageCommonRX.bpl: Finalize unittest
8/23/2019, 9:31:14 PM: PackageCommonRX.bpl: Finalize betterobject
8/23/2019, 9:31:14 PM: PackageCommonRX.bpl: Finalize betterobjectregistry
8/23/2019, 9:31:14 PM: PackageCommonRX.bpl: Finalize PeriodicEvents
8/23/2019, 9:31:14 PM: PackageCommonRX.bpl: Finalize Dir
8/23/2019, 9:31:14 PM: TCommandProcessor@1B953A10: TCommandProcessor--0 commands to cancel.
8/23/2019, 9:31:14 PM: TCommandProcessor@1B953A10: TCommandProcessor-- Commands are cleared.
8/23/2019, 9:31:14 PM: TCommandProcessor@1B953A10: Destroying TCommandProcessor--
8/23/2019, 9:31:14 PM: TCommandProcessor@1B953A10: TCommandProcessor-- Finalizing
8/23/2019, 9:31:14 PM: TCommandProcessor@1B953A10: TCommandProcessor--0 commands to cancel.
8/23/2019, 9:31:14 PM: PackageCommonRX.bpl: Finalize commands_file
8/23/2019, 9:31:14 PM: TCommandProcessor@1B954130: TCommandProcessor--0 commands to cancel.
8/23/2019, 9:31:14 PM: TCommandProcessor@1B954130: TCommandProcessor-- Commands are cleared.
8/23/2019, 9:31:14 PM: TCommandProcessor@1B954130: Destroying TCommandProcessor--
8/23/2019, 9:31:14 PM: TCommandProcessor@1B954130: TCommandProcessor-- Finalizing
8/23/2019, 9:31:14 PM: TCommandProcessor@1B954130: TCommandProcessor--0 commands to cancel.
8/23/2019, 9:31:14 PM: PackageCommonRX.bpl: Finalize RingStats
8/23/2019, 9:31:14 PM: TRingStatMonitorThread#5492 finished with signal state [HWsRXFPLOqzci]
8/23/2019, 9:31:14 PM: PackageCommonRX.bpl: Finalize commands_system
8/23/2019, 9:31:14 PM: PackageCommonRX.bpl: Finalize CommandProcessor
8/23/2019, 9:31:14 PM: TCommandProcessor@04110B10: TCommandProcessor--0 commands to cancel.
8/23/2019, 9:31:14 PM: TCommandProcessor@04110B10: TCommandProcessor-- Commands are cleared.
8/23/2019, 9:31:14 PM: TCommandProcessor@04110B10: Destroying TCommandProcessor--
8/23/2019, 9:31:14 PM: TCommandProcessor@04110B10: TCommandProcessor-- Finalizing
8/23/2019, 9:31:14 PM: TCommandProcessor@04110B10: TCommandProcessor--0 commands to cancel.
8/23/2019, 9:31:14 PM: PackageCommonRX.bpl: Finalize DestructionQueue
8/23/2019, 9:31:14 PM: PackageCommonRX.bpl: Finalize ManagedThread
8/23/2019, 9:31:14 PM: Adding TPeriodicEventAggregator#4256 to termlist
8/23/2019, 9:31:14 PM: Adding TCPThreadPoolGrowthManager#16092 to termlist
8/23/2019, 9:31:14 PM: Adding TRingStatMonitorThread#5492 to termlist
8/23/2019, 9:31:14 PM: Adding TDestructionQueue#13628 to termlist
8/23/2019, 9:31:14 PM: Final Termination TDestructionQueue#13628
8/23/2019, 9:31:14 PM: Destroy TDestructionQueue#13628
8/23/2019, 9:31:14 PM: Concluded TDestructionQueue#13628
8/23/2019, 9:31:14 PM: --There are now 9 threads.
8/23/2019, 9:31:14 PM: There are now 3 termlist items
8/23/2019, 9:31:14 PM: Final Termination TRingStatMonitorThread#5492
8/23/2019, 9:31:14 PM: Destroy TRingStatMonitorThread#5492
8/23/2019, 9:31:14 PM: Concluded TRingStatMonitorThread#5492
8/23/2019, 9:31:14 PM: --There are now 8 threads.
8/23/2019, 9:31:14 PM: There are now 2 termlist items
8/23/2019, 9:31:14 PM: Final Termination TCPThreadPoolGrowthManager#16092
8/23/2019, 9:31:14 PM: Destroy TCPThreadPoolGrowthManager#16092
8/23/2019, 9:31:14 PM: Concluded TCPThreadPoolGrowthManager#16092
8/23/2019, 9:31:14 PM: --There are now 7 threads.
8/23/2019, 9:31:14 PM: There are now 1 termlist items
8/23/2019, 9:31:14 PM: Final Termination TPeriodicEventAggregator#4256
8/23/2019, 9:31:14 PM: Destroy TPeriodicEventAggregator#4256
8/23/2019, 9:31:14 PM: Concluded TPeriodicEventAggregator#4256
8/23/2019, 9:31:14 PM: --There are now 6 threads.
8/23/2019, 9:31:14 PM: There are now 0 termlist items
8/23/2019, 9:31:14 PM: Adding TcommandProcessorChildThread#6152 to termlist
8/23/2019, 9:31:14 PM: Adding TCPThreadPoolGrowthManager#15284 to termlist
8/23/2019, 9:31:14 PM: Final Termination TCPThreadPoolGrowthManager#15284
8/23/2019, 9:31:14 PM: Destroy TCPThreadPoolGrowthManager#15284
8/23/2019, 9:31:14 PM: Concluded TCPThreadPoolGrowthManager#15284
8/23/2019, 9:31:14 PM: --There are now 5 threads.
8/23/2019, 9:31:14 PM: There are now 1 termlist items
8/23/2019, 9:31:14 PM: Final Termination TcommandProcessorChildThread#6152
8/23/2019, 9:31:14 PM: TcommandProcessorChildThread@30212F30: Destroying TcommandProcessorChildThread #6152
8/23/2019, 9:31:14 PM: Destroy TcommandProcessorChildThread#6152
8/23/2019, 9:31:14 PM: Concluded TcommandProcessorChildThread#6152
8/23/2019, 9:31:14 PM: --There are now 4 threads.
8/23/2019, 9:31:14 PM: There are now 0 termlist items
8/23/2019, 9:31:14 PM: Adding TcommandProcessorChildThread#4484 to termlist
8/23/2019, 9:31:14 PM: Adding TCPThreadPoolGrowthManager#1512 to termlist
8/23/2019, 9:31:14 PM: Final Termination TCPThreadPoolGrowthManager#1512
8/23/2019, 9:31:14 PM: Destroy TCPThreadPoolGrowthManager#1512
8/23/2019, 9:31:14 PM: Concluded TCPThreadPoolGrowthManager#1512
8/23/2019, 9:31:14 PM: --There are now 3 threads.
8/23/2019, 9:31:14 PM: There are now 1 termlist items
8/23/2019, 9:31:14 PM: Final Termination TcommandProcessorChildThread#4484
8/23/2019, 9:31:14 PM: TcommandProcessorChildThread@30211670: Destroying TcommandProcessorChildThread #4484
8/23/2019, 9:31:14 PM: Destroy TcommandProcessorChildThread#4484
8/23/2019, 9:31:14 PM: Concluded TcommandProcessorChildThread#4484
8/23/2019, 9:31:14 PM: --There are now 2 threads.
8/23/2019, 9:31:14 PM: There are now 0 termlist items
8/23/2019, 9:31:14 PM: Adding TcommandProcessorChildThread#8844 to termlist
8/23/2019, 9:31:14 PM: Final Termination TcommandProcessorChildThread#8844
8/23/2019, 9:31:14 PM: TcommandProcessorChildThread@30210FB0: Destroying TcommandProcessorChildThread #8844
8/23/2019, 9:31:14 PM: Destroy TcommandProcessorChildThread#8844
8/23/2019, 9:31:14 PM: Concluded TcommandProcessorChildThread#8844
8/23/2019, 9:31:14 PM: --There are now 1 threads.
8/23/2019, 9:31:14 PM: There are now 0 termlist items
8/23/2019, 9:31:15 PM: Destroy Thread Pool Cleaner#12432
8/23/2019, 9:31:15 PM: Concluded Thread Pool Cleaner#12432
8/23/2019, 9:31:15 PM: --There are now 0 threads.
8/23/2019, 9:31:15 PM: PackageCommonRX.bpl: Finalize systemx
8/23/2019, 9:31:15 PM: PackageCommonRX.bpl: Finalize Debug
8/23/2019, 9:31:15 PM: PackageCommonRX.bpl: Finalize SharedObject
8/23/2019, 9:31:15 PM: PackageCommonRX.bpl: Finalize BackgroundThreads
8/23/2019, 9:31:15 PM: PackageCommonRX.bpl: Finalize ApplicationParams
8/23/2019, 9:31:15 PM: PackageCommonRX.bpl: Finalize TickCount
8/23/2019, 9:31:15 PM: PackageCommonRX.bpl: LateFinalize PeriodicEvents
8/23/2019, 9:31:15 PM: PackageCommonRX.bpl: LateFinalize - Done PeriodicEvents
8/23/2019, 9:31:15 PM: PackageCommonRX.bpl: LateFinalize RingStats
8/23/2019, 9:31:15 PM: PackageCommonRX.bpl: LateFinalize - Done RingStats
8/23/2019, 9:31:15 PM: PackageCommonRX.bpl: LateFinalize DestructionQueue
8/23/2019, 9:31:15 PM: PackageCommonRX.bpl: LateFinalize - Done DestructionQueue
8/23/2019, 9:31:15 PM: PackageCommonRX.bpl: LateFinalize Debug
8/23/2019, 9:31:15 PM: ***********************************************************************************
8/23/2019, 9:31:15 PM: ****  APPLICATION SHUTDOWN  Logs (if any) are Ignored AFter this point         ****
8/23/2019, 9:31:15 PM: ***********************************************************************************
8/23/2019, 9:31:28 PM: PackageCommonRX.bpl: Registering TickCount
